2022-04-29 06:18:52,703:INFO:PyCaret Supervised Module
2022-04-29 06:18:52,703:INFO:ML Usecase: regression
2022-04-29 06:18:52,704:INFO:version 2.3.10
2022-04-29 06:18:52,704:INFO:Initializing setup()
2022-04-29 06:18:52,704:INFO:setup(target=#Passengers, ml_usecase=regression, available_plots={'parameter': 'Hyperparameters', 'residuals': 'Residuals', 'error': 'Prediction Error', 'cooks': 'Cooks Distance', 'rfe': 'Feature Selection', 'learning': 'Learning Curve', 'manifold': 'Manifold Learning', 'vc': 'Validation Curve', 'feature': 'Feature Importance', 'feature_all': 'Feature Importance (All)', 'tree': 'Decision Tree', 'residuals_interactive': 'Interactive Residuals'}, train_size=0.7, test_data=     Series  Year  MonthNum  #Passengers
132     133  1960         1          417
133     134  1960         2          391
134     135  1960         3          419
135     136  1960         4          461
136     137  1960         5          472
137     138  1960         6          535
138     139  1960         7          622
139     140  1960         8          606
140     141  1960         9          508
141     142  1960        10          461
142     143  1960        11          390
143     144  1960        12          432, preprocess=True, imputation_type=simple, iterative_imputation_iters=5, categorical_features=None, categorical_imputation=constant, categorical_iterative_imputer=lightgbm, ordinal_features=None, high_cardinality_features=None, high_cardinality_method=frequency, numeric_features=['Year', 'Series'], numeric_imputation=mean, numeric_iterative_imputer=lightgbm, date_features=None, ignore_features=None, normalize=False, normalize_method=zscore, transformation=False, transformation_method=yeo-johnson, handle_unknown_categorical=True, unknown_categorical_method=least_frequent, pca=False, pca_method=linear, pca_components=None, ignore_low_variance=False, combine_rare_levels=False, rare_level_threshold=0.1, bin_numeric_features=None, remove_outliers=False, outliers_threshold=0.05, remove_multicollinearity=False, multicollinearity_threshold=0.9, remove_perfect_collinearity=True, create_clusters=False, cluster_iter=20, polynomial_features=False, polynomial_degree=2, trigonometry_features=False, polynomial_threshold=0.1, group_features=None, group_names=None, feature_selection=False, feature_selection_threshold=0.8, feature_selection_method=classic, feature_interaction=False, feature_ratio=False, interaction_threshold=0.01, fix_imbalance=False, fix_imbalance_method=None, transform_target=True, transform_target_method=box-cox, data_split_shuffle=True, data_split_stratify=False, fold_strategy=timeseries, fold=3, fold_shuffle=False, fold_groups=None, n_jobs=-1, use_gpu=False, custom_pipeline=None, html=True, session_id=123, log_experiment=False, experiment_name=None, experiment_custom_tags=None, log_plots=False, log_profile=False, log_data=False, silent=False, verbose=True, profile=False, profile_kwargs=None, display=None)
2022-04-29 06:18:52,704:INFO:Checking environment
2022-04-29 06:18:52,704:INFO:python_version: 3.8.13
2022-04-29 06:18:52,704:INFO:python_build: ('default', 'Mar 25 2022 06:04:10')
2022-04-29 06:18:52,704:INFO:machine: x86_64
2022-04-29 06:18:52,704:INFO:platform: Linux-5.4.0-109-generic-x86_64-with-glibc2.10
2022-04-29 06:18:52,704:INFO:Memory: svmem(total=6230642688, available=3048185856, percent=51.1, used=2817220608, free=197488640, active=3285397504, inactive=2163458048, buffers=494915584, cached=2721017856, shared=85716992, slab=443355136)
2022-04-29 06:18:52,705:INFO:Physical Core: 1
2022-04-29 06:18:52,705:INFO:Logical Core: 1
2022-04-29 06:18:52,705:INFO:Checking libraries
2022-04-29 06:18:52,705:INFO:pd==1.4.2
2022-04-29 06:18:52,705:INFO:numpy==1.22.3
2022-04-29 06:18:52,705:INFO:sklearn==0.23.2
2022-04-29 06:18:52,706:INFO:lightgbm==3.3.2
2022-04-29 06:18:52,706:WARNING:catboost not found
2022-04-29 06:18:52,706:WARNING:xgboost not found
2022-04-29 06:18:52,706:INFO:mlflow==1.25.1
2022-04-29 06:18:52,706:INFO:Checking Exceptions
2022-04-29 06:18:52,707:INFO:Declaring global variables
2022-04-29 06:18:52,707:INFO:USI: f98b
2022-04-29 06:18:52,707:INFO:pycaret_globals: {'dashboard_logger', 'seed', 'fold_groups_param', 'pycaret_globals', 'transform_target_method_param', 'y_test', 'X_test', 'transform_target_param', 'logging_param', 'fold_param', 'fix_imbalance_param', 'exp_name_log', 'USI', 'y', 'y_train', 'gpu_param', 'iterative_imputation_iters_param', 'create_model_container', 'display_container', 'X', 'prep_pipe', '_all_metrics', 'imputation_regressor', 'target_param', 'fold_generator', '_available_plots', '_all_models_internal', 'data_before_preprocess', '_ml_usecase', 'log_plots_param', 'fold_shuffle_param', 'stratify_param', 'imputation_classifier', '_internal_pipeline', 'fix_imbalance_method_param', 'X_train', 'experiment__', 'fold_groups_param_full', 'n_jobs_param', 'html_param', '_all_models', 'master_model_container', '_gpu_n_jobs_param'}
2022-04-29 06:18:52,707:INFO:Preparing display monitor
2022-04-29 06:18:52,707:INFO:Preparing display monitor
2022-04-29 06:18:52,750:INFO:Importing libraries
2022-04-29 06:18:52,750:INFO:Copying data for preprocessing
2022-04-29 06:18:52,786:INFO:Declaring preprocessing parameters
2022-04-29 06:18:52,787:INFO:Creating preprocessing pipeline
2022-04-29 06:18:52,803:INFO:Preprocessing pipeline created successfully
2022-04-29 06:18:52,803:ERROR:(Process Exit): setup has been interupted with user command 'quit'. setup must rerun.
2022-04-29 06:18:52,803:INFO:Creating global containers
2022-04-29 06:18:52,806:INFO:Internal pipeline: Pipeline(memory=None, steps=[('empty_step', 'passthrough')], verbose=False)
2022-04-29 06:19:01,520:WARNING:Couldn't import xgboost.XGBRegressor
2022-04-29 06:19:01,521:WARNING:Couldn't import catboost.CatBoostRegressor
2022-04-29 06:19:01,682:WARNING:Couldn't import xgboost.XGBRegressor
2022-04-29 06:19:01,684:WARNING:Couldn't import catboost.CatBoostRegressor
2022-04-29 06:19:01,684:INFO:Creating grid variables
2022-04-29 06:19:01,750:INFO:create_model_container: 0
2022-04-29 06:19:01,751:INFO:master_model_container: 0
2022-04-29 06:19:01,751:INFO:display_container: 1
2022-04-29 06:19:01,765:INFO:Pipeline(memory=None,
         steps=[('dtypes',
                 DataTypes_Auto_infer(categorical_features=[],
                                      display_types=True, features_todrop=[],
                                      id_columns=[], ml_usecase='regression',
                                      numerical_features=['Year', 'Series'],
                                      target='#Passengers', time_features=[])),
                ('imputer',
                 Simple_Imputer(categorical_strategy='not_available',
                                fill_value_categorical=None,
                                fill_value_numerical=No...
                ('scaling', 'passthrough'), ('P_transform', 'passthrough'),
                ('binn', 'passthrough'), ('rem_outliers', 'passthrough'),
                ('cluster_all', 'passthrough'),
                ('dummy', Dummify(target='#Passengers')),
                ('fix_perfect', Remove_100(target='#Passengers')),
                ('clean_names', Clean_Colum_Names()),
                ('feature_select', 'passthrough'), ('fix_multi', 'passthrough'),
                ('dfs', 'passthrough'), ('pca', 'passthrough')],
         verbose=False)
2022-04-29 06:19:01,765:INFO:setup() succesfully completed......................................
2022-04-29 06:19:20,986:INFO:Initializing compare_models()
2022-04-29 06:19:20,990:INFO:compare_models(include=None, fold=None, round=4, cross_validation=True, sort=MAE, n_select=1, budget_time=None, turbo=True, errors=ignore, fit_kwargs=None, groups=None, experiment_custom_tags=None, probability_threshold=None, verbose=True, display=None, exclude=None)
2022-04-29 06:19:20,992:INFO:Checking exceptions
2022-04-29 06:19:20,992:INFO:Preparing display monitor
2022-04-29 06:19:20,997:INFO:Preparing display monitor
2022-04-29 06:19:21,120:INFO:Initializing Linear Regression
2022-04-29 06:19:21,121:INFO:Total runtime is 2.2069613138834635e-05 minutes
2022-04-29 06:19:21,160:INFO:SubProcess create_model() called ==================================
2022-04-29 06:19:21,161:INFO:Initializing create_model()
2022-04-29 06:19:21,165:INFO:create_model(estimator=lr, fold=TimeSeriesSplit(max_train_size=None, n_splits=3), round=4, cross_validation=True, predict=True, fit_kwargs={}, groups=None, refit=False, verbose=False, system=False, metrics=None, experiment_custom_tags=None, add_to_model_list=True, probability_threshold=None, display=<pycaret.internal.Display.Display object at 0x7f4cc6049700>, return_train_score=False, kwargs={})
2022-04-29 06:19:21,166:INFO:Checking exceptions
2022-04-29 06:19:21,166:INFO:Importing libraries
2022-04-29 06:19:21,166:INFO:Copying training dataset
2022-04-29 06:19:21,170:INFO:Defining folds
2022-04-29 06:19:21,170:INFO:Declaring metric variables
2022-04-29 06:19:21,225:INFO:Importing untrained model
2022-04-29 06:19:21,273:INFO:Linear Regression Imported succesfully
2022-04-29 06:19:21,352:INFO:Starting cross validation
2022-04-29 06:19:21,362:INFO:Cross validating with TimeSeriesSplit(max_train_size=None, n_splits=3), n_jobs=-1
2022-04-29 06:19:21,509:INFO:Calculating mean and std
2022-04-29 06:19:21,518:INFO:Creating metrics dataframe
2022-04-29 06:19:21,620:INFO:Uploading results into container
2022-04-29 06:19:21,620:INFO:Uploading model into container now
2022-04-29 06:19:21,621:INFO:create_model_container: 1
2022-04-29 06:19:21,621:INFO:master_model_container: 1
2022-04-29 06:19:21,621:INFO:display_container: 2
2022-04-29 06:19:21,622:INFO:PowerTransformedTargetRegressor(copy_X=True, fit_intercept=True, n_jobs=-1,
                                normalize=False,
                                power_transformer_method='box-cox',
                                power_transformer_standardize=True,
                                regressor=LinearRegression(copy_X=True,
                                                           fit_intercept=True,
                                                           n_jobs=-1,
                                                           normalize=False))
2022-04-29 06:19:21,624:INFO:create_model() succesfully completed......................................
2022-04-29 06:19:22,344:INFO:SubProcess create_model() end ==================================
2022-04-29 06:19:22,345:INFO:Creating metrics dataframe
2022-04-29 06:19:22,387:INFO:Initializing Lasso Regression
2022-04-29 06:19:22,388:INFO:Total runtime is 0.021128010749816895 minutes
2022-04-29 06:19:22,422:INFO:SubProcess create_model() called ==================================
2022-04-29 06:19:22,423:INFO:Initializing create_model()
2022-04-29 06:19:22,423:INFO:create_model(estimator=lasso, fold=TimeSeriesSplit(max_train_size=None, n_splits=3), round=4, cross_validation=True, predict=True, fit_kwargs={}, groups=None, refit=False, verbose=False, system=False, metrics=None, experiment_custom_tags=None, add_to_model_list=True, probability_threshold=None, display=<pycaret.internal.Display.Display object at 0x7f4cc6049700>, return_train_score=False, kwargs={})
2022-04-29 06:19:22,424:INFO:Checking exceptions
2022-04-29 06:19:22,425:INFO:Importing libraries
2022-04-29 06:19:22,425:INFO:Copying training dataset
2022-04-29 06:19:22,433:INFO:Defining folds
2022-04-29 06:19:22,434:INFO:Declaring metric variables
2022-04-29 06:19:22,492:INFO:Importing untrained model
2022-04-29 06:19:22,531:INFO:Lasso Regression Imported succesfully
2022-04-29 06:19:22,641:INFO:Starting cross validation
2022-04-29 06:19:22,642:INFO:Cross validating with TimeSeriesSplit(max_train_size=None, n_splits=3), n_jobs=-1
2022-04-29 06:19:22,817:INFO:Calculating mean and std
2022-04-29 06:19:22,841:INFO:Creating metrics dataframe
2022-04-29 06:19:22,944:INFO:Uploading results into container
2022-04-29 06:19:22,944:INFO:Uploading model into container now
2022-04-29 06:19:22,944:INFO:create_model_container: 2
2022-04-29 06:19:22,946:INFO:master_model_container: 2
2022-04-29 06:19:22,946:INFO:display_container: 2
2022-04-29 06:19:22,948:INFO:PowerTransformedTargetRegressor(alpha=1.0, copy_X=True, fit_intercept=True,
                                max_iter=1000, normalize=False, positive=False,
                                power_transformer_method='box-cox',
                                power_transformer_standardize=True,
                                precompute=False, random_state=123,
                                regressor=Lasso(alpha=1.0, copy_X=True,
                                                fit_intercept=True,
                                                max_iter=1000, normalize=False,
                                                positive=False,
                                                precompute=False,
                                                random_state=123,
                                                selection='cyclic', tol=0.0001,
                                                warm_start=False),
                                selection='cyclic', tol=0.0001,
                                warm_start=False)
2022-04-29 06:19:22,951:INFO:create_model() succesfully completed......................................
2022-04-29 06:19:23,538:INFO:SubProcess create_model() end ==================================
2022-04-29 06:19:23,538:INFO:Creating metrics dataframe
2022-04-29 06:19:23,582:INFO:Initializing Ridge Regression
2022-04-29 06:19:23,586:INFO:Total runtime is 0.041100951035817464 minutes
2022-04-29 06:19:23,636:INFO:SubProcess create_model() called ==================================
2022-04-29 06:19:23,652:INFO:Initializing create_model()
2022-04-29 06:19:23,657:INFO:create_model(estimator=ridge, fold=TimeSeriesSplit(max_train_size=None, n_splits=3), round=4, cross_validation=True, predict=True, fit_kwargs={}, groups=None, refit=False, verbose=False, system=False, metrics=None, experiment_custom_tags=None, add_to_model_list=True, probability_threshold=None, display=<pycaret.internal.Display.Display object at 0x7f4cc6049700>, return_train_score=False, kwargs={})
2022-04-29 06:19:23,664:INFO:Checking exceptions
2022-04-29 06:19:23,665:INFO:Importing libraries
2022-04-29 06:19:23,666:INFO:Copying training dataset
2022-04-29 06:19:23,681:INFO:Defining folds
2022-04-29 06:19:23,683:INFO:Declaring metric variables
2022-04-29 06:19:23,737:INFO:Importing untrained model
2022-04-29 06:19:23,795:INFO:Ridge Regression Imported succesfully
2022-04-29 06:19:23,916:INFO:Starting cross validation
2022-04-29 06:19:23,918:INFO:Cross validating with TimeSeriesSplit(max_train_size=None, n_splits=3), n_jobs=-1
2022-04-29 06:19:24,112:INFO:Calculating mean and std
2022-04-29 06:19:24,136:INFO:Creating metrics dataframe
2022-04-29 06:19:24,232:INFO:Uploading results into container
2022-04-29 06:19:24,232:INFO:Uploading model into container now
2022-04-29 06:19:24,232:INFO:create_model_container: 3
2022-04-29 06:19:24,232:INFO:master_model_container: 3
2022-04-29 06:19:24,233:INFO:display_container: 2
2022-04-29 06:19:24,234:INFO:PowerTransformedTargetRegressor(alpha=1.0, copy_X=True, fit_intercept=True,
                                max_iter=None, normalize=False,
                                power_transformer_method='box-cox',
                                power_transformer_standardize=True,
                                random_state=123,
                                regressor=Ridge(alpha=1.0, copy_X=True,
                                                fit_intercept=True,
                                                max_iter=None, normalize=False,
                                                random_state=123, solver='auto',
                                                tol=0.001),
                                solver='auto', tol=0.001)
2022-04-29 06:19:24,234:INFO:create_model() succesfully completed......................................
2022-04-29 06:19:24,733:INFO:SubProcess create_model() end ==================================
2022-04-29 06:19:24,733:INFO:Creating metrics dataframe
2022-04-29 06:19:24,779:INFO:Initializing Elastic Net
2022-04-29 06:19:24,780:INFO:Total runtime is 0.060993913809458414 minutes
2022-04-29 06:19:24,813:INFO:SubProcess create_model() called ==================================
2022-04-29 06:19:24,813:INFO:Initializing create_model()
2022-04-29 06:19:24,814:INFO:create_model(estimator=en, fold=TimeSeriesSplit(max_train_size=None, n_splits=3), round=4, cross_validation=True, predict=True, fit_kwargs={}, groups=None, refit=False, verbose=False, system=False, metrics=None, experiment_custom_tags=None, add_to_model_list=True, probability_threshold=None, display=<pycaret.internal.Display.Display object at 0x7f4cc6049700>, return_train_score=False, kwargs={})
2022-04-29 06:19:24,814:INFO:Checking exceptions
2022-04-29 06:19:24,814:INFO:Importing libraries
2022-04-29 06:19:24,814:INFO:Copying training dataset
2022-04-29 06:19:24,827:INFO:Defining folds
2022-04-29 06:19:24,833:INFO:Declaring metric variables
2022-04-29 06:19:24,873:INFO:Importing untrained model
2022-04-29 06:19:24,906:INFO:Elastic Net Imported succesfully
2022-04-29 06:19:24,979:INFO:Starting cross validation
2022-04-29 06:19:24,980:INFO:Cross validating with TimeSeriesSplit(max_train_size=None, n_splits=3), n_jobs=-1
2022-04-29 06:19:25,130:INFO:Calculating mean and std
2022-04-29 06:19:25,136:INFO:Creating metrics dataframe
2022-04-29 06:19:25,226:INFO:Uploading results into container
2022-04-29 06:19:25,226:INFO:Uploading model into container now
2022-04-29 06:19:25,226:INFO:create_model_container: 4
2022-04-29 06:19:25,226:INFO:master_model_container: 4
2022-04-29 06:19:25,226:INFO:display_container: 2
2022-04-29 06:19:25,228:INFO:PowerTransformedTargetRegressor(alpha=1.0, copy_X=True, fit_intercept=True,
                                l1_ratio=0.5, max_iter=1000, normalize=False,
                                positive=False,
                                power_transformer_method='box-cox',
                                power_transformer_standardize=True,
                                precompute=False, random_state=123,
                                regressor=ElasticNet(alpha=1.0, copy_X=True,
                                                     fit_intercept=True,
                                                     l1_ratio=0.5,
                                                     max_iter=1000,
                                                     normalize=False,
                                                     positive=False,
                                                     precompute=False,
                                                     random_state=123,
                                                     selection='cyclic',
                                                     tol=0.0001,
                                                     warm_start=False),
                                selection='cyclic', tol=0.0001,
                                warm_start=False)
2022-04-29 06:19:25,232:INFO:create_model() succesfully completed......................................
2022-04-29 06:19:25,780:INFO:SubProcess create_model() end ==================================
2022-04-29 06:19:25,780:INFO:Creating metrics dataframe
2022-04-29 06:19:25,824:INFO:Initializing Least Angle Regression
2022-04-29 06:19:25,825:INFO:Total runtime is 0.07840859095255534 minutes
2022-04-29 06:19:25,864:INFO:SubProcess create_model() called ==================================
2022-04-29 06:19:25,865:INFO:Initializing create_model()
2022-04-29 06:19:25,865:INFO:create_model(estimator=lar, fold=TimeSeriesSplit(max_train_size=None, n_splits=3), round=4, cross_validation=True, predict=True, fit_kwargs={}, groups=None, refit=False, verbose=False, system=False, metrics=None, experiment_custom_tags=None, add_to_model_list=True, probability_threshold=None, display=<pycaret.internal.Display.Display object at 0x7f4cc6049700>, return_train_score=False, kwargs={})
2022-04-29 06:19:25,865:INFO:Checking exceptions
2022-04-29 06:19:25,865:INFO:Importing libraries
2022-04-29 06:19:25,866:INFO:Copying training dataset
2022-04-29 06:19:25,870:INFO:Defining folds
2022-04-29 06:19:25,873:INFO:Declaring metric variables
2022-04-29 06:19:25,917:INFO:Importing untrained model
2022-04-29 06:19:25,940:INFO:Least Angle Regression Imported succesfully
2022-04-29 06:19:26,018:INFO:Starting cross validation
2022-04-29 06:19:26,019:INFO:Cross validating with TimeSeriesSplit(max_train_size=None, n_splits=3), n_jobs=-1
2022-04-29 06:19:26,231:INFO:Calculating mean and std
2022-04-29 06:19:26,239:INFO:Creating metrics dataframe
2022-04-29 06:19:26,352:INFO:Uploading results into container
2022-04-29 06:19:26,352:INFO:Uploading model into container now
2022-04-29 06:19:26,353:INFO:create_model_container: 5
2022-04-29 06:19:26,353:INFO:master_model_container: 5
2022-04-29 06:19:26,353:INFO:display_container: 2
2022-04-29 06:19:26,355:INFO:PowerTransformedTargetRegressor(copy_X=True, eps=2.220446049250313e-16,
                                fit_intercept=True, fit_path=True, jitter=None,
                                n_nonzero_coefs=500, normalize=True,
                                power_transformer_method='box-cox',
                                power_transformer_standardize=True,
                                precompute='auto', random_state=123,
                                regressor=Lars(copy_X=True,
                                               eps=2.220446049250313e-16,
                                               fit_intercept=True,
                                               fit_path=True, jitter=None,
                                               n_nonzero_coefs=500,
                                               normalize=True,
                                               precompute='auto',
                                               random_state=123,
                                               verbose=False),
                                verbose=False)
2022-04-29 06:19:26,369:INFO:create_model() succesfully completed......................................
2022-04-29 06:19:26,953:INFO:SubProcess create_model() end ==================================
2022-04-29 06:19:26,953:INFO:Creating metrics dataframe
2022-04-29 06:19:26,998:INFO:Initializing Lasso Least Angle Regression
2022-04-29 06:19:26,998:INFO:Total runtime is 0.09796759684880575 minutes
2022-04-29 06:19:27,029:INFO:SubProcess create_model() called ==================================
2022-04-29 06:19:27,031:INFO:Initializing create_model()
2022-04-29 06:19:27,031:INFO:create_model(estimator=llar, fold=TimeSeriesSplit(max_train_size=None, n_splits=3), round=4, cross_validation=True, predict=True, fit_kwargs={}, groups=None, refit=False, verbose=False, system=False, metrics=None, experiment_custom_tags=None, add_to_model_list=True, probability_threshold=None, display=<pycaret.internal.Display.Display object at 0x7f4cc6049700>, return_train_score=False, kwargs={})
2022-04-29 06:19:27,032:INFO:Checking exceptions
2022-04-29 06:19:27,032:INFO:Importing libraries
2022-04-29 06:19:27,032:INFO:Copying training dataset
2022-04-29 06:19:27,037:INFO:Defining folds
2022-04-29 06:19:27,038:INFO:Declaring metric variables
2022-04-29 06:19:27,099:INFO:Importing untrained model
2022-04-29 06:19:27,161:INFO:Lasso Least Angle Regression Imported succesfully
2022-04-29 06:19:27,233:INFO:Starting cross validation
2022-04-29 06:19:27,234:INFO:Cross validating with TimeSeriesSplit(max_train_size=None, n_splits=3), n_jobs=-1
2022-04-29 06:19:27,386:INFO:Calculating mean and std
2022-04-29 06:19:27,392:INFO:Creating metrics dataframe
2022-04-29 06:19:27,476:INFO:Uploading results into container
2022-04-29 06:19:27,476:INFO:Uploading model into container now
2022-04-29 06:19:27,476:INFO:create_model_container: 6
2022-04-29 06:19:27,476:INFO:master_model_container: 6
2022-04-29 06:19:27,478:INFO:display_container: 2
2022-04-29 06:19:27,479:INFO:PowerTransformedTargetRegressor(alpha=1.0, copy_X=True,
                                eps=2.220446049250313e-16, fit_intercept=True,
                                fit_path=True, jitter=None, max_iter=500,
                                normalize=True, positive=False,
                                power_transformer_method='box-cox',
                                power_transformer_standardize=True,
                                precompute='auto', random_state=123,
                                regressor=LassoLars(alpha=1.0, copy_X=True,
                                                    eps=2.220446049250313e-16,
                                                    fit_intercept=True,
                                                    fit_path=True, jitter=None,
                                                    max_iter=500,
                                                    normalize=True,
                                                    positive=False,
                                                    precompute='auto',
                                                    random_state=123,
                                                    verbose=False),
                                verbose=False)
2022-04-29 06:19:27,479:INFO:create_model() succesfully completed......................................
2022-04-29 06:19:28,039:INFO:SubProcess create_model() end ==================================
2022-04-29 06:19:28,039:INFO:Creating metrics dataframe
2022-04-29 06:19:28,084:INFO:Initializing Orthogonal Matching Pursuit
2022-04-29 06:19:28,085:INFO:Total runtime is 0.11607621908187866 minutes
2022-04-29 06:19:28,119:INFO:SubProcess create_model() called ==================================
2022-04-29 06:19:28,127:INFO:Initializing create_model()
2022-04-29 06:19:28,127:INFO:create_model(estimator=omp, fold=TimeSeriesSplit(max_train_size=None, n_splits=3), round=4, cross_validation=True, predict=True, fit_kwargs={}, groups=None, refit=False, verbose=False, system=False, metrics=None, experiment_custom_tags=None, add_to_model_list=True, probability_threshold=None, display=<pycaret.internal.Display.Display object at 0x7f4cc6049700>, return_train_score=False, kwargs={})
2022-04-29 06:19:28,127:INFO:Checking exceptions
2022-04-29 06:19:28,127:INFO:Importing libraries
2022-04-29 06:19:28,127:INFO:Copying training dataset
2022-04-29 06:19:28,133:INFO:Defining folds
2022-04-29 06:19:28,134:INFO:Declaring metric variables
2022-04-29 06:19:28,193:INFO:Importing untrained model
2022-04-29 06:19:28,229:INFO:Orthogonal Matching Pursuit Imported succesfully
2022-04-29 06:19:28,305:INFO:Starting cross validation
2022-04-29 06:19:28,306:INFO:Cross validating with TimeSeriesSplit(max_train_size=None, n_splits=3), n_jobs=-1
2022-04-29 06:19:28,442:INFO:Calculating mean and std
2022-04-29 06:19:28,448:INFO:Creating metrics dataframe
2022-04-29 06:19:28,531:INFO:Uploading results into container
2022-04-29 06:19:28,533:INFO:Uploading model into container now
2022-04-29 06:19:28,533:INFO:create_model_container: 7
2022-04-29 06:19:28,533:INFO:master_model_container: 7
2022-04-29 06:19:28,533:INFO:display_container: 2
2022-04-29 06:19:28,534:INFO:PowerTransformedTargetRegressor(fit_intercept=True, n_nonzero_coefs=None,
                                normalize=True,
                                power_transformer_method='box-cox',
                                power_transformer_standardize=True,
                                precompute='auto',
                                regressor=OrthogonalMatchingPursuit(fit_intercept=True,
                                                                    n_nonzero_coefs=None,
                                                                    normalize=True,
                                                                    precompute='auto',
                                                                    tol=None),
                                tol=None)
2022-04-29 06:19:28,534:INFO:create_model() succesfully completed......................................
2022-04-29 06:19:29,077:INFO:SubProcess create_model() end ==================================
2022-04-29 06:19:29,077:INFO:Creating metrics dataframe
2022-04-29 06:19:29,119:INFO:Initializing Bayesian Ridge
2022-04-29 06:19:29,119:INFO:Total runtime is 0.13331632216771444 minutes
2022-04-29 06:19:29,148:INFO:SubProcess create_model() called ==================================
2022-04-29 06:19:29,149:INFO:Initializing create_model()
2022-04-29 06:19:29,149:INFO:create_model(estimator=br, fold=TimeSeriesSplit(max_train_size=None, n_splits=3), round=4, cross_validation=True, predict=True, fit_kwargs={}, groups=None, refit=False, verbose=False, system=False, metrics=None, experiment_custom_tags=None, add_to_model_list=True, probability_threshold=None, display=<pycaret.internal.Display.Display object at 0x7f4cc6049700>, return_train_score=False, kwargs={})
2022-04-29 06:19:29,149:INFO:Checking exceptions
2022-04-29 06:19:29,149:INFO:Importing libraries
2022-04-29 06:19:29,149:INFO:Copying training dataset
2022-04-29 06:19:29,165:INFO:Defining folds
2022-04-29 06:19:29,170:INFO:Declaring metric variables
2022-04-29 06:19:29,236:INFO:Importing untrained model
2022-04-29 06:19:29,257:INFO:Bayesian Ridge Imported succesfully
2022-04-29 06:19:29,326:INFO:Starting cross validation
2022-04-29 06:19:29,327:INFO:Cross validating with TimeSeriesSplit(max_train_size=None, n_splits=3), n_jobs=-1
2022-04-29 06:19:29,455:INFO:Calculating mean and std
2022-04-29 06:19:29,477:INFO:Creating metrics dataframe
2022-04-29 06:19:29,555:INFO:Uploading results into container
2022-04-29 06:19:29,564:INFO:Uploading model into container now
2022-04-29 06:19:29,564:INFO:create_model_container: 8
2022-04-29 06:19:29,565:INFO:master_model_container: 8
2022-04-29 06:19:29,565:INFO:display_container: 2
2022-04-29 06:19:29,566:INFO:PowerTransformedTargetRegressor(alpha_1=1e-06, alpha_2=1e-06, alpha_init=None,
                                compute_score=False, copy_X=True,
                                fit_intercept=True, lambda_1=1e-06,
                                lambda_2=1e-06, lambda_init=None, n_iter=300,
                                normalize=False,
                                power_transformer_method='box-cox',
                                power_transformer_standardize=True,
                                regressor=BayesianRidge(alpha_1=1e-06,
                                                        alpha_2=1e-06,
                                                        alpha_init=None,
                                                        compute_score=False,
                                                        copy_X=True,
                                                        fit_intercept=True,
                                                        lambda_1=1e-06,
                                                        lambda_2=1e-06,
                                                        lambda_init=None,
                                                        n_iter=300,
                                                        normalize=False,
                                                        tol=0.001,
                                                        verbose=False),
                                tol=0.001, verbose=False)
2022-04-29 06:19:29,575:INFO:create_model() succesfully completed......................................
2022-04-29 06:19:30,098:INFO:SubProcess create_model() end ==================================
2022-04-29 06:19:30,098:INFO:Creating metrics dataframe
2022-04-29 06:19:30,141:INFO:Initializing Passive Aggressive Regressor
2022-04-29 06:19:30,141:INFO:Total runtime is 0.15035450061162314 minutes
2022-04-29 06:19:30,170:INFO:SubProcess create_model() called ==================================
2022-04-29 06:19:30,170:INFO:Initializing create_model()
2022-04-29 06:19:30,171:INFO:create_model(estimator=par, fold=TimeSeriesSplit(max_train_size=None, n_splits=3), round=4, cross_validation=True, predict=True, fit_kwargs={}, groups=None, refit=False, verbose=False, system=False, metrics=None, experiment_custom_tags=None, add_to_model_list=True, probability_threshold=None, display=<pycaret.internal.Display.Display object at 0x7f4cc6049700>, return_train_score=False, kwargs={})
2022-04-29 06:19:30,171:INFO:Checking exceptions
2022-04-29 06:19:30,171:INFO:Importing libraries
2022-04-29 06:19:30,171:INFO:Copying training dataset
2022-04-29 06:19:30,175:INFO:Defining folds
2022-04-29 06:19:30,186:INFO:Declaring metric variables
2022-04-29 06:19:30,226:INFO:Importing untrained model
2022-04-29 06:19:30,272:INFO:Passive Aggressive Regressor Imported succesfully
2022-04-29 06:19:30,354:INFO:Starting cross validation
2022-04-29 06:19:30,355:INFO:Cross validating with TimeSeriesSplit(max_train_size=None, n_splits=3), n_jobs=-1
2022-04-29 06:19:30,477:INFO:Calculating mean and std
2022-04-29 06:19:30,488:INFO:Creating metrics dataframe
2022-04-29 06:19:30,580:INFO:Uploading results into container
2022-04-29 06:19:30,580:INFO:Uploading model into container now
2022-04-29 06:19:30,580:INFO:create_model_container: 9
2022-04-29 06:19:30,580:INFO:master_model_container: 9
2022-04-29 06:19:30,580:INFO:display_container: 2
2022-04-29 06:19:30,582:INFO:PowerTransformedTargetRegressor(C=1.0, average=False, early_stopping=False,
                                epsilon=0.1, fit_intercept=True,
                                loss='epsilon_insensitive', max_iter=1000,
                                n_iter_no_change=5,
                                power_transformer_method='box-cox',
                                power_transformer_standardize=True,
                                random_state=123,
                                regressor=PassiveAggressiveRegressor(C=1.0,
                                                                     average=False,
                                                                     early_stopping=False,
                                                                     epsilon=0.1,
                                                                     fit_intercept=True,
                                                                     loss='epsilon_insensitive',
                                                                     max_iter=1000,
                                                                     n_iter_no_change=5,
                                                                     random_state=123,
                                                                     shuffle=True,
                                                                     tol=0.001,
                                                                     validation_fraction=0.1,
                                                                     verbose=0,
                                                                     warm_start=False),
                                shuffle=True, tol=0.001,
                                validation_fraction=0.1, verbose=0,
                                warm_start=False)
2022-04-29 06:19:30,582:INFO:create_model() succesfully completed......................................
2022-04-29 06:19:31,138:INFO:SubProcess create_model() end ==================================
2022-04-29 06:19:31,138:INFO:Creating metrics dataframe
2022-04-29 06:19:31,282:INFO:Initializing Huber Regressor
2022-04-29 06:19:31,282:INFO:Total runtime is 0.1693668802579244 minutes
2022-04-29 06:19:31,349:INFO:SubProcess create_model() called ==================================
2022-04-29 06:19:31,350:INFO:Initializing create_model()
2022-04-29 06:19:31,353:INFO:create_model(estimator=huber, fold=TimeSeriesSplit(max_train_size=None, n_splits=3), round=4, cross_validation=True, predict=True, fit_kwargs={}, groups=None, refit=False, verbose=False, system=False, metrics=None, experiment_custom_tags=None, add_to_model_list=True, probability_threshold=None, display=<pycaret.internal.Display.Display object at 0x7f4cc6049700>, return_train_score=False, kwargs={})
2022-04-29 06:19:31,355:INFO:Checking exceptions
2022-04-29 06:19:31,355:INFO:Importing libraries
2022-04-29 06:19:31,355:INFO:Copying training dataset
2022-04-29 06:19:31,369:INFO:Defining folds
2022-04-29 06:19:31,370:INFO:Declaring metric variables
2022-04-29 06:19:31,413:INFO:Importing untrained model
2022-04-29 06:19:31,451:INFO:Huber Regressor Imported succesfully
2022-04-29 06:19:31,518:INFO:Starting cross validation
2022-04-29 06:19:31,519:INFO:Cross validating with TimeSeriesSplit(max_train_size=None, n_splits=3), n_jobs=-1
2022-04-29 06:19:31,919:INFO:Calculating mean and std
2022-04-29 06:19:31,929:INFO:Creating metrics dataframe
2022-04-29 06:19:31,979:INFO:Uploading results into container
2022-04-29 06:19:31,979:INFO:Uploading model into container now
2022-04-29 06:19:31,979:INFO:create_model_container: 10
2022-04-29 06:19:31,980:INFO:master_model_container: 10
2022-04-29 06:19:31,980:INFO:display_container: 2
2022-04-29 06:19:31,981:INFO:PowerTransformedTargetRegressor(alpha=0.0001, epsilon=1.35, fit_intercept=True,
                                max_iter=100,
                                power_transformer_method='box-cox',
                                power_transformer_standardize=True,
                                regressor=HuberRegressor(alpha=0.0001,
                                                         epsilon=1.35,
                                                         fit_intercept=True,
                                                         max_iter=100,
                                                         tol=1e-05,
                                                         warm_start=False),
                                tol=1e-05, warm_start=False)
2022-04-29 06:19:31,981:INFO:create_model() succesfully completed......................................
2022-04-29 06:19:32,443:INFO:SubProcess create_model() end ==================================
2022-04-29 06:19:32,443:INFO:Creating metrics dataframe
2022-04-29 06:19:32,497:INFO:Initializing K Neighbors Regressor
2022-04-29 06:19:32,498:INFO:Total runtime is 0.18961274226506553 minutes
2022-04-29 06:19:32,529:INFO:SubProcess create_model() called ==================================
2022-04-29 06:19:32,530:INFO:Initializing create_model()
2022-04-29 06:19:32,531:INFO:create_model(estimator=knn, fold=TimeSeriesSplit(max_train_size=None, n_splits=3), round=4, cross_validation=True, predict=True, fit_kwargs={}, groups=None, refit=False, verbose=False, system=False, metrics=None, experiment_custom_tags=None, add_to_model_list=True, probability_threshold=None, display=<pycaret.internal.Display.Display object at 0x7f4cc6049700>, return_train_score=False, kwargs={})
2022-04-29 06:19:32,534:INFO:Checking exceptions
2022-04-29 06:19:32,534:INFO:Importing libraries
2022-04-29 06:19:32,534:INFO:Copying training dataset
2022-04-29 06:19:32,537:INFO:Defining folds
2022-04-29 06:19:32,538:INFO:Declaring metric variables
2022-04-29 06:19:32,582:INFO:Importing untrained model
2022-04-29 06:19:32,619:INFO:K Neighbors Regressor Imported succesfully
2022-04-29 06:19:32,695:INFO:Starting cross validation
2022-04-29 06:19:32,695:INFO:Cross validating with TimeSeriesSplit(max_train_size=None, n_splits=3), n_jobs=-1
2022-04-29 06:19:32,898:INFO:Calculating mean and std
2022-04-29 06:19:32,905:INFO:Creating metrics dataframe
2022-04-29 06:19:33,001:INFO:Uploading results into container
2022-04-29 06:19:33,002:INFO:Uploading model into container now
2022-04-29 06:19:33,002:INFO:create_model_container: 11
2022-04-29 06:19:33,002:INFO:master_model_container: 11
2022-04-29 06:19:33,002:INFO:display_container: 2
2022-04-29 06:19:33,005:INFO:PowerTransformedTargetRegressor(algorithm='auto', leaf_size=30,
                                metric='minkowski', metric_params=None,
                                n_jobs=-1, n_neighbors=5, p=2,
                                power_transformer_method='box-cox',
                                power_transformer_standardize=True,
                                regressor=KNeighborsRegressor(algorithm='auto',
                                                              leaf_size=30,
                                                              metric='minkowski',
                                                              metric_params=None,
                                                              n_jobs=-1,
                                                              n_neighbors=5,
                                                              p=2,
                                                              weights='uniform'),
                                weights='uniform')
2022-04-29 06:19:33,005:INFO:create_model() succesfully completed......................................
2022-04-29 06:19:33,531:INFO:SubProcess create_model() end ==================================
2022-04-29 06:19:33,531:INFO:Creating metrics dataframe
2022-04-29 06:19:33,581:INFO:Initializing Decision Tree Regressor
2022-04-29 06:19:33,583:INFO:Total runtime is 0.20771652460098267 minutes
2022-04-29 06:19:33,611:INFO:SubProcess create_model() called ==================================
2022-04-29 06:19:33,614:INFO:Initializing create_model()
2022-04-29 06:19:33,614:INFO:create_model(estimator=dt, fold=TimeSeriesSplit(max_train_size=None, n_splits=3), round=4, cross_validation=True, predict=True, fit_kwargs={}, groups=None, refit=False, verbose=False, system=False, metrics=None, experiment_custom_tags=None, add_to_model_list=True, probability_threshold=None, display=<pycaret.internal.Display.Display object at 0x7f4cc6049700>, return_train_score=False, kwargs={})
2022-04-29 06:19:33,614:INFO:Checking exceptions
2022-04-29 06:19:33,614:INFO:Importing libraries
2022-04-29 06:19:33,614:INFO:Copying training dataset
2022-04-29 06:19:33,617:INFO:Defining folds
2022-04-29 06:19:33,618:INFO:Declaring metric variables
2022-04-29 06:19:33,656:INFO:Importing untrained model
2022-04-29 06:19:33,693:INFO:Decision Tree Regressor Imported succesfully
2022-04-29 06:19:33,769:INFO:Starting cross validation
2022-04-29 06:19:33,770:INFO:Cross validating with TimeSeriesSplit(max_train_size=None, n_splits=3), n_jobs=-1
2022-04-29 06:19:33,887:INFO:Calculating mean and std
2022-04-29 06:19:33,902:INFO:Creating metrics dataframe
2022-04-29 06:19:33,987:INFO:Uploading results into container
2022-04-29 06:19:33,989:INFO:Uploading model into container now
2022-04-29 06:19:33,989:INFO:create_model_container: 12
2022-04-29 06:19:33,989:INFO:master_model_container: 12
2022-04-29 06:19:33,989:INFO:display_container: 2
2022-04-29 06:19:33,996:INFO:PowerTransformedTargetRegressor(ccp_alpha=0.0, criterion='mse', max_depth=None,
                                max_features=None, max_leaf_nodes=None,
                                min_impurity_decrease=0.0,
                                min_impurity_split=None, min_samples_leaf=1,
                                min_samples_split=2,
                                min_weight_fraction_leaf=0.0,
                                power_transformer_method='box-cox',
                                power_transformer_standardize=True,
                                presort='deprecated', random_state=123,
                                regressor=DecisionTreeRegressor(ccp_alpha=0.0,
                                                                criterion='mse',
                                                                max_depth=None,
                                                                max_features=None,
                                                                max_leaf_nodes=None,
                                                                min_impurity_decrease=0.0,
                                                                min_impurity_split=None,
                                                                min_samples_leaf=1,
                                                                min_samples_split=2,
                                                                min_weight_fraction_leaf=0.0,
                                                                presort='deprecated',
                                                                random_state=123,
                                                                splitter='best'),
                                splitter='best')
2022-04-29 06:19:33,996:INFO:create_model() succesfully completed......................................
2022-04-29 06:19:34,545:INFO:SubProcess create_model() end ==================================
2022-04-29 06:19:34,545:INFO:Creating metrics dataframe
2022-04-29 06:19:34,686:INFO:Initializing Random Forest Regressor
2022-04-29 06:19:34,687:INFO:Total runtime is 0.22610820531845094 minutes
2022-04-29 06:19:34,746:INFO:SubProcess create_model() called ==================================
2022-04-29 06:19:34,747:INFO:Initializing create_model()
2022-04-29 06:19:34,749:INFO:create_model(estimator=rf, fold=TimeSeriesSplit(max_train_size=None, n_splits=3), round=4, cross_validation=True, predict=True, fit_kwargs={}, groups=None, refit=False, verbose=False, system=False, metrics=None, experiment_custom_tags=None, add_to_model_list=True, probability_threshold=None, display=<pycaret.internal.Display.Display object at 0x7f4cc6049700>, return_train_score=False, kwargs={})
2022-04-29 06:19:34,749:INFO:Checking exceptions
2022-04-29 06:19:34,749:INFO:Importing libraries
2022-04-29 06:19:34,750:INFO:Copying training dataset
2022-04-29 06:19:34,753:INFO:Defining folds
2022-04-29 06:19:34,753:INFO:Declaring metric variables
2022-04-29 06:19:34,807:INFO:Importing untrained model
2022-04-29 06:19:34,841:INFO:Random Forest Regressor Imported succesfully
2022-04-29 06:19:34,953:INFO:Starting cross validation
2022-04-29 06:19:34,955:INFO:Cross validating with TimeSeriesSplit(max_train_size=None, n_splits=3), n_jobs=-1
2022-04-29 06:19:36,324:INFO:Calculating mean and std
2022-04-29 06:19:36,334:INFO:Creating metrics dataframe
2022-04-29 06:19:36,386:INFO:Uploading results into container
2022-04-29 06:19:36,387:INFO:Uploading model into container now
2022-04-29 06:19:36,387:INFO:create_model_container: 13
2022-04-29 06:19:36,387:INFO:master_model_container: 13
2022-04-29 06:19:36,387:INFO:display_container: 2
2022-04-29 06:19:36,399:INFO:PowerTransformedTargetRegressor(bootstrap=True, ccp_alpha=0.0, criterion='mse',
                                max_depth=None, max_features='auto',
                                max_leaf_nodes=None, max_samples=None,
                                min_impurity_decrease=0.0,
                                min_impurity_split=None, min_samples_leaf=1,
                                min_samples_split=2,
                                min_weight_fraction_leaf=0.0, n_estimators=100,
                                n_jobs=-1, oob_score=False,
                                power_transformer_method='box-cox',
                                power...
                                regressor=RandomForestRegressor(bootstrap=True,
                                                                ccp_alpha=0.0,
                                                                criterion='mse',
                                                                max_depth=None,
                                                                max_features='auto',
                                                                max_leaf_nodes=None,
                                                                max_samples=None,
                                                                min_impurity_decrease=0.0,
                                                                min_impurity_split=None,
                                                                min_samples_leaf=1,
                                                                min_samples_split=2,
                                                                min_weight_fraction_leaf=0.0,
                                                                n_estimators=100,
                                                                n_jobs=-1,
                                                                oob_score=False,
                                                                random_state=123,
                                                                verbose=0,
                                                                warm_start=False),
                                verbose=0, warm_start=False)
2022-04-29 06:19:36,405:INFO:create_model() succesfully completed......................................
2022-04-29 06:19:36,935:INFO:SubProcess create_model() end ==================================
2022-04-29 06:19:36,936:INFO:Creating metrics dataframe
2022-04-29 06:19:36,987:INFO:Initializing Extra Trees Regressor
2022-04-29 06:19:36,988:INFO:Total runtime is 0.2644615689913432 minutes
2022-04-29 06:19:37,023:INFO:SubProcess create_model() called ==================================
2022-04-29 06:19:37,024:INFO:Initializing create_model()
2022-04-29 06:19:37,025:INFO:create_model(estimator=et, fold=TimeSeriesSplit(max_train_size=None, n_splits=3), round=4, cross_validation=True, predict=True, fit_kwargs={}, groups=None, refit=False, verbose=False, system=False, metrics=None, experiment_custom_tags=None, add_to_model_list=True, probability_threshold=None, display=<pycaret.internal.Display.Display object at 0x7f4cc6049700>, return_train_score=False, kwargs={})
2022-04-29 06:19:37,025:INFO:Checking exceptions
2022-04-29 06:19:37,025:INFO:Importing libraries
2022-04-29 06:19:37,025:INFO:Copying training dataset
2022-04-29 06:19:37,028:INFO:Defining folds
2022-04-29 06:19:37,028:INFO:Declaring metric variables
2022-04-29 06:19:37,073:INFO:Importing untrained model
2022-04-29 06:19:37,134:INFO:Extra Trees Regressor Imported succesfully
2022-04-29 06:19:37,237:INFO:Starting cross validation
2022-04-29 06:19:37,238:INFO:Cross validating with TimeSeriesSplit(max_train_size=None, n_splits=3), n_jobs=-1
2022-04-29 06:19:38,054:INFO:Calculating mean and std
2022-04-29 06:19:38,062:INFO:Creating metrics dataframe
2022-04-29 06:19:38,114:INFO:Uploading results into container
2022-04-29 06:19:38,116:INFO:Uploading model into container now
2022-04-29 06:19:38,117:INFO:create_model_container: 14
2022-04-29 06:19:38,117:INFO:master_model_container: 14
2022-04-29 06:19:38,117:INFO:display_container: 2
2022-04-29 06:19:38,119:INFO:PowerTransformedTargetRegressor(bootstrap=False, ccp_alpha=0.0, criterion='mse',
                                max_depth=None, max_features='auto',
                                max_leaf_nodes=None, max_samples=None,
                                min_impurity_decrease=0.0,
                                min_impurity_split=None, min_samples_leaf=1,
                                min_samples_split=2,
                                min_weight_fraction_leaf=0.0, n_estimators=100,
                                n_jobs=-1, oob_score=False,
                                power_transformer_method='box-cox',
                                powe...
                                regressor=ExtraTreesRegressor(bootstrap=False,
                                                              ccp_alpha=0.0,
                                                              criterion='mse',
                                                              max_depth=None,
                                                              max_features='auto',
                                                              max_leaf_nodes=None,
                                                              max_samples=None,
                                                              min_impurity_decrease=0.0,
                                                              min_impurity_split=None,
                                                              min_samples_leaf=1,
                                                              min_samples_split=2,
                                                              min_weight_fraction_leaf=0.0,
                                                              n_estimators=100,
                                                              n_jobs=-1,
                                                              oob_score=False,
                                                              random_state=123,
                                                              verbose=0,
                                                              warm_start=False),
                                verbose=0, warm_start=False)
2022-04-29 06:19:38,119:INFO:create_model() succesfully completed......................................
2022-04-29 06:19:38,584:INFO:SubProcess create_model() end ==================================
2022-04-29 06:19:38,584:INFO:Creating metrics dataframe
2022-04-29 06:19:38,630:INFO:Initializing AdaBoost Regressor
2022-04-29 06:19:38,630:INFO:Total runtime is 0.29183349212010706 minutes
2022-04-29 06:19:38,657:INFO:SubProcess create_model() called ==================================
2022-04-29 06:19:38,658:INFO:Initializing create_model()
2022-04-29 06:19:38,658:INFO:create_model(estimator=ada, fold=TimeSeriesSplit(max_train_size=None, n_splits=3), round=4, cross_validation=True, predict=True, fit_kwargs={}, groups=None, refit=False, verbose=False, system=False, metrics=None, experiment_custom_tags=None, add_to_model_list=True, probability_threshold=None, display=<pycaret.internal.Display.Display object at 0x7f4cc6049700>, return_train_score=False, kwargs={})
2022-04-29 06:19:38,658:INFO:Checking exceptions
2022-04-29 06:19:38,658:INFO:Importing libraries
2022-04-29 06:19:38,658:INFO:Copying training dataset
2022-04-29 06:19:38,665:INFO:Defining folds
2022-04-29 06:19:38,666:INFO:Declaring metric variables
2022-04-29 06:19:38,713:INFO:Importing untrained model
2022-04-29 06:19:38,749:INFO:AdaBoost Regressor Imported succesfully
2022-04-29 06:19:38,820:INFO:Starting cross validation
2022-04-29 06:19:38,820:INFO:Cross validating with TimeSeriesSplit(max_train_size=None, n_splits=3), n_jobs=-1
2022-04-29 06:19:39,381:INFO:Calculating mean and std
2022-04-29 06:19:39,390:INFO:Creating metrics dataframe
2022-04-29 06:19:39,441:INFO:Uploading results into container
2022-04-29 06:19:39,441:INFO:Uploading model into container now
2022-04-29 06:19:39,452:INFO:create_model_container: 15
2022-04-29 06:19:39,453:INFO:master_model_container: 15
2022-04-29 06:19:39,453:INFO:display_container: 2
2022-04-29 06:19:39,454:INFO:PowerTransformedTargetRegressor(base_estimator=None, learning_rate=1.0,
                                loss='linear', n_estimators=50,
                                power_transformer_method='box-cox',
                                power_transformer_standardize=True,
                                random_state=123,
                                regressor=AdaBoostRegressor(base_estimator=None,
                                                            learning_rate=1.0,
                                                            loss='linear',
                                                            n_estimators=50,
                                                            random_state=123))
2022-04-29 06:19:39,456:INFO:create_model() succesfully completed......................................
2022-04-29 06:19:40,223:INFO:SubProcess create_model() end ==================================
2022-04-29 06:19:40,223:INFO:Creating metrics dataframe
2022-04-29 06:19:40,349:INFO:Initializing Gradient Boosting Regressor
2022-04-29 06:19:40,350:INFO:Total runtime is 0.3205012122790019 minutes
2022-04-29 06:19:40,397:INFO:SubProcess create_model() called ==================================
2022-04-29 06:19:40,398:INFO:Initializing create_model()
2022-04-29 06:19:40,398:INFO:create_model(estimator=gbr, fold=TimeSeriesSplit(max_train_size=None, n_splits=3), round=4, cross_validation=True, predict=True, fit_kwargs={}, groups=None, refit=False, verbose=False, system=False, metrics=None, experiment_custom_tags=None, add_to_model_list=True, probability_threshold=None, display=<pycaret.internal.Display.Display object at 0x7f4cc6049700>, return_train_score=False, kwargs={})
2022-04-29 06:19:40,398:INFO:Checking exceptions
2022-04-29 06:19:40,398:INFO:Importing libraries
2022-04-29 06:19:40,398:INFO:Copying training dataset
2022-04-29 06:19:40,404:INFO:Defining folds
2022-04-29 06:19:40,404:INFO:Declaring metric variables
2022-04-29 06:19:40,440:INFO:Importing untrained model
2022-04-29 06:19:40,478:INFO:Gradient Boosting Regressor Imported succesfully
2022-04-29 06:19:40,556:INFO:Starting cross validation
2022-04-29 06:19:40,557:INFO:Cross validating with TimeSeriesSplit(max_train_size=None, n_splits=3), n_jobs=-1
2022-04-29 06:19:40,966:INFO:Calculating mean and std
2022-04-29 06:19:40,974:INFO:Creating metrics dataframe
2022-04-29 06:19:41,053:INFO:Uploading results into container
2022-04-29 06:19:41,053:INFO:Uploading model into container now
2022-04-29 06:19:41,054:INFO:create_model_container: 16
2022-04-29 06:19:41,054:INFO:master_model_container: 16
2022-04-29 06:19:41,054:INFO:display_container: 2
2022-04-29 06:19:41,060:INFO:PowerTransformedTargetRegressor(alpha=0.9, ccp_alpha=0.0,
                                criterion='friedman_mse', init=None,
                                learning_rate=0.1, loss='ls', max_depth=3,
                                max_features=None, max_leaf_nodes=None,
                                min_impurity_decrease=0.0,
                                min_impurity_split=None, min_samples_leaf=1,
                                min_samples_split=2,
                                min_weight_fraction_leaf=0.0, n_estimators=100,
                                n_iter_no_change=None,
                                power_transformer_method...
                                                                    max_leaf_nodes=None,
                                                                    min_impurity_decrease=0.0,
                                                                    min_impurity_split=None,
                                                                    min_samples_leaf=1,
                                                                    min_samples_split=2,
                                                                    min_weight_fraction_leaf=0.0,
                                                                    n_estimators=100,
                                                                    n_iter_no_change=None,
                                                                    presort='deprecated',
                                                                    random_state=123,
                                                                    subsample=1.0,
                                                                    tol=0.0001,
                                                                    validation_fraction=0.1,
                                                                    verbose=0,
                                                                    warm_start=False),
                                subsample=1.0, tol=0.0001,
                                validation_fraction=0.1, verbose=0,
                                warm_start=False)
2022-04-29 06:19:41,061:INFO:create_model() succesfully completed......................................
2022-04-29 06:19:41,723:INFO:SubProcess create_model() end ==================================
2022-04-29 06:19:41,723:INFO:Creating metrics dataframe
2022-04-29 06:19:41,770:INFO:Initializing Light Gradient Boosting Machine
2022-04-29 06:19:41,770:INFO:Total runtime is 0.3441725770632426 minutes
2022-04-29 06:19:41,802:INFO:SubProcess create_model() called ==================================
2022-04-29 06:19:41,803:INFO:Initializing create_model()
2022-04-29 06:19:41,803:INFO:create_model(estimator=lightgbm, fold=TimeSeriesSplit(max_train_size=None, n_splits=3), round=4, cross_validation=True, predict=True, fit_kwargs={}, groups=None, refit=False, verbose=False, system=False, metrics=None, experiment_custom_tags=None, add_to_model_list=True, probability_threshold=None, display=<pycaret.internal.Display.Display object at 0x7f4cc6049700>, return_train_score=False, kwargs={})
2022-04-29 06:19:41,803:INFO:Checking exceptions
2022-04-29 06:19:41,803:INFO:Importing libraries
2022-04-29 06:19:41,803:INFO:Copying training dataset
2022-04-29 06:19:41,806:INFO:Defining folds
2022-04-29 06:19:41,806:INFO:Declaring metric variables
2022-04-29 06:19:41,850:INFO:Importing untrained model
2022-04-29 06:19:41,877:INFO:Light Gradient Boosting Machine Imported succesfully
2022-04-29 06:19:41,949:INFO:Starting cross validation
2022-04-29 06:19:41,950:INFO:Cross validating with TimeSeriesSplit(max_train_size=None, n_splits=3), n_jobs=-1
2022-04-29 06:19:42,170:INFO:Calculating mean and std
2022-04-29 06:19:42,185:INFO:Creating metrics dataframe
2022-04-29 06:19:42,271:INFO:Uploading results into container
2022-04-29 06:19:42,271:INFO:Uploading model into container now
2022-04-29 06:19:42,271:INFO:create_model_container: 17
2022-04-29 06:19:42,271:INFO:master_model_container: 17
2022-04-29 06:19:42,271:INFO:display_container: 2
2022-04-29 06:19:42,273:INFO:PowerTransformedTargetRegressor(boosting_type='gbdt', class_weight=None,
                                colsample_bytree=1.0, importance_type='split',
                                learning_rate=0.1, max_depth=-1,
                                min_child_samples=20, min_child_weight=0.001,
                                min_split_gain=0.0, n_estimators=100, n_jobs=-1,
                                num_leaves=31, objective=None,
                                power_transformer_method='box-cox',
                                power_transformer_standardize=True,
                                random_state=1...
                                                        importance_type='split',
                                                        learning_rate=0.1,
                                                        max_depth=-1,
                                                        min_child_samples=20,
                                                        min_child_weight=0.001,
                                                        min_split_gain=0.0,
                                                        n_estimators=100,
                                                        n_jobs=-1,
                                                        num_leaves=31,
                                                        objective=None,
                                                        random_state=123,
                                                        reg_alpha=0.0,
                                                        reg_lambda=0.0,
                                                        silent='warn',
                                                        subsample=1.0,
                                                        subsample_for_bin=200000,
                                                        subsample_freq=0),
                                silent='warn', subsample=1.0,
                                subsample_for_bin=200000, subsample_freq=0)
2022-04-29 06:19:42,281:INFO:create_model() succesfully completed......................................
2022-04-29 06:19:42,771:INFO:SubProcess create_model() end ==================================
2022-04-29 06:19:42,771:INFO:Creating metrics dataframe
2022-04-29 06:19:42,842:INFO:Initializing Dummy Regressor
2022-04-29 06:19:42,842:INFO:Total runtime is 0.3620315472284953 minutes
2022-04-29 06:19:42,873:INFO:SubProcess create_model() called ==================================
2022-04-29 06:19:42,873:INFO:Initializing create_model()
2022-04-29 06:19:42,873:INFO:create_model(estimator=dummy, fold=TimeSeriesSplit(max_train_size=None, n_splits=3), round=4, cross_validation=True, predict=True, fit_kwargs={}, groups=None, refit=False, verbose=False, system=False, metrics=None, experiment_custom_tags=None, add_to_model_list=True, probability_threshold=None, display=<pycaret.internal.Display.Display object at 0x7f4cc6049700>, return_train_score=False, kwargs={})
2022-04-29 06:19:42,874:INFO:Checking exceptions
2022-04-29 06:19:42,874:INFO:Importing libraries
2022-04-29 06:19:42,874:INFO:Copying training dataset
2022-04-29 06:19:42,878:INFO:Defining folds
2022-04-29 06:19:42,878:INFO:Declaring metric variables
2022-04-29 06:19:42,920:INFO:Importing untrained model
2022-04-29 06:19:42,961:INFO:Dummy Regressor Imported succesfully
2022-04-29 06:19:43,048:INFO:Starting cross validation
2022-04-29 06:19:43,049:INFO:Cross validating with TimeSeriesSplit(max_train_size=None, n_splits=3), n_jobs=-1
2022-04-29 06:19:43,145:INFO:Calculating mean and std
2022-04-29 06:19:43,156:INFO:Creating metrics dataframe
2022-04-29 06:19:43,252:INFO:Uploading results into container
2022-04-29 06:19:43,252:INFO:Uploading model into container now
2022-04-29 06:19:43,252:INFO:create_model_container: 18
2022-04-29 06:19:43,253:INFO:master_model_container: 18
2022-04-29 06:19:43,253:INFO:display_container: 2
2022-04-29 06:19:43,253:INFO:PowerTransformedTargetRegressor(constant=None,
                                power_transformer_method='box-cox',
                                power_transformer_standardize=True,
                                quantile=None,
                                regressor=DummyRegressor(constant=None,
                                                         quantile=None,
                                                         strategy='mean'),
                                strategy='mean')
2022-04-29 06:19:43,257:INFO:create_model() succesfully completed......................................
2022-04-29 06:19:43,787:INFO:SubProcess create_model() end ==================================
2022-04-29 06:19:43,787:INFO:Creating metrics dataframe
2022-04-29 06:19:43,916:INFO:Initializing create_model()
2022-04-29 06:19:43,930:INFO:create_model(estimator=PowerTransformedTargetRegressor(copy_X=True, eps=2.220446049250313e-16,
                                fit_intercept=True, fit_path=True, jitter=None,
                                n_nonzero_coefs=500, normalize=True,
                                power_transformer_method='box-cox',
                                power_transformer_standardize=True,
                                precompute='auto', random_state=123,
                                regressor=Lars(copy_X=True,
                                               eps=2.220446049250313e-16,
                                               fit_intercept=True,
                                               fit_path=True, jitter=None,
                                               n_nonzero_coefs=500,
                                               normalize=True,
                                               precompute='auto',
                                               random_state=123,
                                               verbose=False),
                                verbose=False), fold=TimeSeriesSplit(max_train_size=None, n_splits=3), round=4, cross_validation=False, predict=False, fit_kwargs={}, groups=None, refit=True, verbose=False, system=False, metrics=None, experiment_custom_tags=None, add_to_model_list=True, probability_threshold=None, display=None, return_train_score=False, kwargs={})
2022-04-29 06:19:43,930:INFO:Checking exceptions
2022-04-29 06:19:43,930:INFO:Importing libraries
2022-04-29 06:19:43,930:INFO:Copying training dataset
2022-04-29 06:19:43,931:INFO:Defining folds
2022-04-29 06:19:43,931:INFO:Declaring metric variables
2022-04-29 06:19:43,931:INFO:Importing untrained model
2022-04-29 06:19:43,931:INFO:Declaring custom model
2022-04-29 06:19:43,932:INFO:Least Angle Regression Imported succesfully
2022-04-29 06:19:43,946:INFO:Cross validation set to False
2022-04-29 06:19:43,946:INFO:Fitting Model
2022-04-29 06:19:43,983:INFO:PowerTransformedTargetRegressor(copy_X=True, eps=2.220446049250313e-16,
                                fit_intercept=True, fit_path=True, jitter=None,
                                n_nonzero_coefs=500, normalize=True,
                                power_transformer_method='box-cox',
                                power_transformer_standardize=True,
                                precompute='auto', random_state=123,
                                regressor=Lars(copy_X=True,
                                               eps=2.220446049250313e-16,
                                               fit_intercept=True,
                                               fit_path=True, jitter=None,
                                               n_nonzero_coefs=500,
                                               normalize=True,
                                               precompute='auto',
                                               random_state=123,
                                               verbose=False),
                                verbose=False)
2022-04-29 06:19:43,983:INFO:create_models() succesfully completed......................................
2022-04-29 06:19:44,800:INFO:create_model_container: 18
2022-04-29 06:19:44,800:INFO:master_model_container: 18
2022-04-29 06:19:44,800:INFO:display_container: 2
2022-04-29 06:19:44,802:INFO:PowerTransformedTargetRegressor(copy_X=True, eps=2.220446049250313e-16,
                                fit_intercept=True, fit_path=True, jitter=None,
                                n_nonzero_coefs=500, normalize=True,
                                power_transformer_method='box-cox',
                                power_transformer_standardize=True,
                                precompute='auto', random_state=123,
                                regressor=Lars(copy_X=True,
                                               eps=2.220446049250313e-16,
                                               fit_intercept=True,
                                               fit_path=True, jitter=None,
                                               n_nonzero_coefs=500,
                                               normalize=True,
                                               precompute='auto',
                                               random_state=123,
                                               verbose=False),
                                verbose=False)
2022-04-29 06:19:44,802:INFO:compare_models() succesfully completed......................................
2022-04-29 06:21:09,299:INFO:Initializing predict_model()
2022-04-29 06:21:09,304:INFO:predict_model(estimator=PowerTransformedTargetRegressor(copy_X=True, eps=2.220446049250313e-16,
                                fit_intercept=True, fit_path=True, jitter=None,
                                n_nonzero_coefs=500, normalize=True,
                                power_transformer_method='box-cox',
                                power_transformer_standardize=True,
                                precompute='auto', random_state=123,
                                regressor=Lars(copy_X=True,
                                               eps=2.220446049250313e-16,
                                               fit_intercept=True,
                                               fit_path=True, jitter=None,
                                               n_nonzero_coefs=500,
                                               normalize=True,
                                               precompute='auto',
                                               random_state=123,
                                               verbose=False),
                                verbose=False), probability_threshold=None, encoded_labels=True, drift_report=False, raw_score=False, round=4, verbose=True, ml_usecase=MLUsecase.REGRESSION, display=None, drift_kwargs=None)
2022-04-29 06:21:09,304:INFO:Checking exceptions
2022-04-29 06:21:09,304:INFO:Preloading libraries
2022-04-29 06:21:09,304:INFO:Preparing display monitor
2022-04-29 06:26:33,819:INFO:Initializing predict_model()
2022-04-29 06:26:33,822:INFO:predict_model(estimator=PowerTransformedTargetRegressor(copy_X=True, eps=2.220446049250313e-16,
                                fit_intercept=True, fit_path=True, jitter=None,
                                n_nonzero_coefs=500, normalize=True,
                                power_transformer_method='box-cox',
                                power_transformer_standardize=True,
                                precompute='auto', random_state=123,
                                regressor=Lars(copy_X=True,
                                               eps=2.220446049250313e-16,
                                               fit_intercept=True,
                                               fit_path=True, jitter=None,
                                               n_nonzero_coefs=500,
                                               normalize=True,
                                               precompute='auto',
                                               random_state=123,
                                               verbose=False),
                                verbose=False), probability_threshold=None, encoded_labels=True, drift_report=False, raw_score=False, round=4, verbose=True, ml_usecase=MLUsecase.REGRESSION, display=None, drift_kwargs=None)
2022-04-29 06:26:33,831:INFO:Checking exceptions
2022-04-29 06:26:33,831:INFO:Preloading libraries
2022-04-29 06:26:33,831:INFO:Preparing display monitor
2022-04-29 06:27:53,435:INFO:Initializing finalize_model()
2022-04-29 06:27:53,446:INFO:finalize_model(estimator=PowerTransformedTargetRegressor(copy_X=True, eps=2.220446049250313e-16,
                                fit_intercept=True, fit_path=True, jitter=None,
                                n_nonzero_coefs=500, normalize=True,
                                power_transformer_method='box-cox',
                                power_transformer_standardize=True,
                                precompute='auto', random_state=123,
                                regressor=Lars(copy_X=True,
                                               eps=2.220446049250313e-16,
                                               fit_intercept=True,
                                               fit_path=True, jitter=None,
                                               n_nonzero_coefs=500,
                                               normalize=True,
                                               precompute='auto',
                                               random_state=123,
                                               verbose=False),
                                verbose=False), fit_kwargs=None, groups=None, model_only=True, display=None, experiment_custom_tags=None, return_train_score=False)
2022-04-29 06:27:53,452:INFO:Finalizing PowerTransformedTargetRegressor(copy_X=True, eps=2.220446049250313e-16,
                                fit_intercept=True, fit_path=True, jitter=None,
                                n_nonzero_coefs=500, normalize=True,
                                power_transformer_method='box-cox',
                                power_transformer_standardize=True,
                                precompute='auto', random_state=123,
                                regressor=Lars(copy_X=True,
                                               eps=2.220446049250313e-16,
                                               fit_intercept=True,
                                               fit_path=True, jitter=None,
                                               n_nonzero_coefs=500,
                                               normalize=True,
                                               precompute='auto',
                                               random_state=123,
                                               verbose=False),
                                verbose=False)
2022-04-29 06:27:53,453:INFO:Initializing create_model()
2022-04-29 06:27:53,453:INFO:create_model(estimator=PowerTransformedTargetRegressor(copy_X=True, eps=2.220446049250313e-16,
                                fit_intercept=True, fit_path=True, jitter=None,
                                n_nonzero_coefs=500, normalize=True,
                                power_transformer_method='box-cox',
                                power_transformer_standardize=True,
                                precompute='auto', random_state=123,
                                regressor=Lars(copy_X=True,
                                               eps=2.220446049250313e-16,
                                               fit_intercept=True,
                                               fit_path=True, jitter=None,
                                               n_nonzero_coefs=500,
                                               normalize=True,
                                               precompute='auto',
                                               random_state=123,
                                               verbose=False),
                                verbose=False), fold=None, round=4, cross_validation=True, predict=True, fit_kwargs={}, groups=None, refit=True, verbose=False, system=False, metrics=None, experiment_custom_tags=None, add_to_model_list=False, probability_threshold=None, display=None, return_train_score=False, kwargs={})
2022-04-29 06:27:53,453:INFO:Checking exceptions
2022-04-29 06:27:53,453:INFO:Importing libraries
2022-04-29 06:27:53,456:INFO:Copying training dataset
2022-04-29 06:27:53,456:INFO:Defining folds
2022-04-29 06:27:53,456:INFO:Declaring metric variables
2022-04-29 06:27:53,457:INFO:Importing untrained model
2022-04-29 06:27:53,457:INFO:Declaring custom model
2022-04-29 06:27:53,458:INFO:Least Angle Regression Imported succesfully
2022-04-29 06:27:53,458:INFO:Starting cross validation
2022-04-29 06:27:53,458:INFO:Cross validating with TimeSeriesSplit(max_train_size=None, n_splits=3), n_jobs=-1
2022-04-29 06:27:53,574:INFO:Calculating mean and std
2022-04-29 06:27:53,575:INFO:Creating metrics dataframe
2022-04-29 06:27:53,578:INFO:Finalizing model
2022-04-29 06:27:53,683:INFO:create_model_container: 18
2022-04-29 06:27:53,683:INFO:master_model_container: 18
2022-04-29 06:27:53,683:INFO:display_container: 5
2022-04-29 06:27:53,685:INFO:PowerTransformedTargetRegressor(copy_X=True, eps=2.220446049250313e-16,
                                fit_intercept=True, fit_path=True, jitter=None,
                                n_nonzero_coefs=500, normalize=True,
                                power_transformer_method='box-cox',
                                power_transformer_standardize=True,
                                precompute='auto', random_state=123,
                                regressor=Lars(copy_X=True,
                                               eps=2.220446049250313e-16,
                                               fit_intercept=True,
                                               fit_path=True, jitter=None,
                                               n_nonzero_coefs=500,
                                               normalize=True,
                                               precompute='auto',
                                               random_state=123,
                                               verbose=False),
                                verbose=False)
2022-04-29 06:27:53,685:INFO:create_model() succesfully completed......................................
2022-04-29 06:27:54,279:INFO:create_model_container: 18
2022-04-29 06:27:54,280:INFO:master_model_container: 18
2022-04-29 06:27:54,280:INFO:display_container: 4
2022-04-29 06:27:54,281:INFO:PowerTransformedTargetRegressor(copy_X=True, eps=2.220446049250313e-16,
                                fit_intercept=True, fit_path=True, jitter=None,
                                n_nonzero_coefs=500, normalize=True,
                                power_transformer_method='box-cox',
                                power_transformer_standardize=True,
                                precompute='auto', random_state=123,
                                regressor=Lars(copy_X=True,
                                               eps=2.220446049250313e-16,
                                               fit_intercept=True,
                                               fit_path=True, jitter=None,
                                               n_nonzero_coefs=500,
                                               normalize=True,
                                               precompute='auto',
                                               random_state=123,
                                               verbose=False),
                                verbose=False)
2022-04-29 06:27:54,281:INFO:finalize_model() succesfully completed......................................
2022-04-29 06:31:05,768:INFO:Initializing predict_model()
2022-04-29 06:31:05,774:INFO:predict_model(estimator=PowerTransformedTargetRegressor(copy_X=True, eps=2.220446049250313e-16,
                                fit_intercept=True, fit_path=True, jitter=None,
                                n_nonzero_coefs=500, normalize=True,
                                power_transformer_method='box-cox',
                                power_transformer_standardize=True,
                                precompute='auto', random_state=123,
                                regressor=Lars(copy_X=True,
                                               eps=2.220446049250313e-16,
                                               fit_intercept=True,
                                               fit_path=True, jitter=None,
                                               n_nonzero_coefs=500,
                                               normalize=True,
                                               precompute='auto',
                                               random_state=123,
                                               verbose=False),
                                verbose=False), probability_threshold=None, encoded_labels=True, drift_report=False, raw_score=False, round=4, verbose=True, ml_usecase=MLUsecase.REGRESSION, display=None, drift_kwargs=None)
2022-04-29 06:31:05,774:INFO:Checking exceptions
2022-04-29 06:31:05,774:INFO:Preloading libraries
2022-04-29 06:31:05,775:INFO:Preparing display monitor
2022-04-29 06:31:23,091:INFO:Initializing predict_model()
2022-04-29 06:31:23,092:INFO:predict_model(estimator=PowerTransformedTargetRegressor(copy_X=True, eps=2.220446049250313e-16,
                                fit_intercept=True, fit_path=True, jitter=None,
                                n_nonzero_coefs=500, normalize=True,
                                power_transformer_method='box-cox',
                                power_transformer_standardize=True,
                                precompute='auto', random_state=123,
                                regressor=Lars(copy_X=True,
                                               eps=2.220446049250313e-16,
                                               fit_intercept=True,
                                               fit_path=True, jitter=None,
                                               n_nonzero_coefs=500,
                                               normalize=True,
                                               precompute='auto',
                                               random_state=123,
                                               verbose=False),
                                verbose=False), probability_threshold=None, encoded_labels=True, drift_report=False, raw_score=False, round=4, verbose=True, ml_usecase=MLUsecase.REGRESSION, display=None, drift_kwargs=None)
2022-04-29 06:31:23,092:INFO:Checking exceptions
2022-04-29 06:31:23,092:INFO:Preloading libraries
2022-04-29 06:31:23,092:INFO:Preparing display monitor
2022-04-29 06:37:26,373:INFO:Initializing save_model()
2022-04-29 06:37:26,386:INFO:save_model(model=PowerTransformedTargetRegressor(copy_X=True, eps=2.220446049250313e-16,
                                fit_intercept=True, fit_path=True, jitter=None,
                                n_nonzero_coefs=500, normalize=True,
                                power_transformer_method='box-cox',
                                power_transformer_standardize=True,
                                precompute='auto', random_state=123,
                                regressor=Lars(copy_X=True,
                                               eps=2.220446049250313e-16,
                                               fit_intercept=True,
                                               fit_path=True, jitter=None,
                                               n_nonzero_coefs=500,
                                               normalize=True,
                                               precompute='auto',
                                               random_state=123,
                                               verbose=False),
                                verbose=False), model_name=time-series-forecast-pipeline, prep_pipe_=Pipeline(memory=None,
         steps=[('dtypes',
                 DataTypes_Auto_infer(categorical_features=[],
                                      display_types=True, features_todrop=[],
                                      id_columns=[], ml_usecase='regression',
                                      numerical_features=['Year', 'Series'],
                                      target='#Passengers', time_features=[])),
                ('imputer',
                 Simple_Imputer(categorical_strategy='not_available',
                                fill_value_categorical=None,
                                fill_value_numerical=No...
                ('scaling', 'passthrough'), ('P_transform', 'passthrough'),
                ('binn', 'passthrough'), ('rem_outliers', 'passthrough'),
                ('cluster_all', 'passthrough'),
                ('dummy', Dummify(target='#Passengers')),
                ('fix_perfect', Remove_100(target='#Passengers')),
                ('clean_names', Clean_Colum_Names()),
                ('feature_select', 'passthrough'), ('fix_multi', 'passthrough'),
                ('dfs', 'passthrough'), ('pca', 'passthrough')],
         verbose=False), verbose=True, kwargs={})
2022-04-29 06:37:26,386:INFO:Adding model into prep_pipe
2022-04-29 06:37:26,416:INFO:time-series-forecast-pipeline.pkl saved in current working directory
2022-04-29 06:37:26,431:INFO:Pipeline(memory=None,
         steps=[('dtypes',
                 DataTypes_Auto_infer(categorical_features=[],
                                      display_types=True, features_todrop=[],
                                      id_columns=[], ml_usecase='regression',
                                      numerical_features=['Year', 'Series'],
                                      target='#Passengers', time_features=[])),
                ('imputer',
                 Simple_Imputer(categorical_strategy='not_available',
                                fill_value_categorical=None,
                                fill_value_numerical=No...
                                                 n_nonzero_coefs=500,
                                                 normalize=True,
                                                 power_transformer_method='box-cox',
                                                 power_transformer_standardize=True,
                                                 precompute='auto',
                                                 random_state=123,
                                                 regressor=Lars(copy_X=True,
                                                                eps=2.220446049250313e-16,
                                                                fit_intercept=True,
                                                                fit_path=True,
                                                                jitter=None,
                                                                n_nonzero_coefs=500,
                                                                normalize=True,
                                                                precompute='auto',
                                                                random_state=123,
                                                                verbose=False),
                                                 verbose=False)]],
         verbose=False)
2022-04-29 06:37:26,436:INFO:save_model() successfully completed......................................
