2022-05-02 04:16:40,831:INFO:Initializing load_model()
2022-05-02 04:16:40,832:INFO:load_model(model_name=../model/time-series-forecast, platform=None, authentication=None, verbose=True)
2022-05-02 04:58:13,277:INFO:Initializing load_model()
2022-05-02 04:58:13,277:INFO:load_model(model_name=../../model/time-series-forecast, platform=None, authentication=None, verbose=True)
2022-05-02 04:58:43,516:INFO:Initializing load_model()
2022-05-02 04:58:43,516:INFO:load_model(model_name=./model/time-series-forecast, platform=None, authentication=None, verbose=True)
2022-05-02 04:59:01,066:INFO:Initializing load_model()
2022-05-02 04:59:01,066:INFO:load_model(model_name=time-series-forecast, platform=None, authentication=None, verbose=True)
2022-05-02 06:11:02,939:INFO:Initializing load_model()
2022-05-02 06:11:02,940:INFO:load_model(model_name=time-series-forecast, platform=None, authentication=None, verbose=True)
2022-05-02 06:11:29,785:INFO:Initializing load_model()
2022-05-02 06:11:29,786:INFO:load_model(model_name=time-series-forecast-pipeline, platform=None, authentication=None, verbose=True)
2022-05-02 06:12:54,421:INFO:Initializing load_model()
2022-05-02 06:12:54,421:INFO:load_model(model_name=time-series-forecast-pipeline, platform=None, authentication=None, verbose=True)
2022-05-02 06:17:09,301:INFO:Initializing load_model()
2022-05-02 06:17:09,302:INFO:load_model(model_name=time-series-forecast-pipeline, platform=None, authentication=None, verbose=True)
2022-05-02 06:23:35,189:INFO:Initializing load_model()
2022-05-02 06:23:35,192:INFO:load_model(model_name=time-series-forecast-pipeline, platform=None, authentication=None, verbose=True)
2022-05-02 06:25:48,738:INFO:Initializing load_model()
2022-05-02 06:25:48,738:INFO:load_model(model_name=time-series-forecast-pipeline, platform=None, authentication=None, verbose=True)
2022-05-02 06:31:34,551:INFO:Initializing load_model()
2022-05-02 06:31:34,552:INFO:load_model(model_name=time-series-forecast-pipeline, platform=None, authentication=None, verbose=True)
2022-05-02 06:49:51,024:INFO:Initializing load_model()
2022-05-02 06:49:51,024:INFO:load_model(model_name=time-series-forecast-pipeline, platform=None, authentication=None, verbose=True)
2022-05-02 06:50:13,303:INFO:Initializing predict_model()
2022-05-02 06:50:13,303:INFO:predict_model(estimator=Pipeline(steps=[('dtypes',
                 DataTypes_Auto_infer(ml_usecase='regression',
                                      numerical_features=['Year', 'Series'],
                                      target='#Passengers')),
                ('imputer',
                 Simple_Imputer(categorical_strategy='not_available',
                                fill_value_categorical=None,
                                fill_value_numerical=None,
                                numeric_strategy='mean',
                                target_variable=None)),
                ('new_levels1',
                 New_Catagorical_Levels_in_TestData(repla...
                ('feature_select', 'passthrough'), ('fix_multi', 'passthrough'),
                ('dfs', 'passthrough'), ('pca', 'passthrough'),
                ['trained_model',
                 PowerTransformedTargetRegressor(copy_X=True,
                                                 eps=2.220446049250313e-16,
                                                 fit_intercept=True,
                                                 fit_path=True, jitter=None,
                                                 n_nonzero_coefs=500,
                                                 normalize=True,
                                                 precompute='auto',
                                                 random_state=123,
                                                 regressor=Lars(random_state=123),
                                                 verbose=False)]]), probability_threshold=None, encoded_labels=True, drift_report=False, raw_score=False, round=4, verbose=True, ml_usecase=MLUsecase.REGRESSION, display=None, drift_kwargs=None)
2022-05-02 06:50:13,303:INFO:Checking exceptions
2022-05-02 06:50:13,306:INFO:Preloading libraries
2022-05-02 06:51:29,672:INFO:Initializing load_model()
2022-05-02 06:51:29,672:INFO:load_model(model_name=time-series-forecast-pipeline, platform=None, authentication=None, verbose=True)
2022-05-02 06:51:45,640:INFO:Initializing load_model()
2022-05-02 06:51:45,640:INFO:load_model(model_name=time-series-forecast-pipeline, platform=None, authentication=None, verbose=True)
2022-05-02 06:57:12,102:INFO:Initializing load_model()
2022-05-02 06:57:12,102:INFO:load_model(model_name=time-series-forecast-pipeline, platform=None, authentication=None, verbose=True)
2022-05-02 06:57:44,857:INFO:Initializing predict_model()
2022-05-02 06:57:44,874:INFO:predict_model(estimator=Pipeline(steps=[('dtypes',
                 DataTypes_Auto_infer(ml_usecase='regression',
                                      numerical_features=['Year', 'Series'],
                                      target='#Passengers')),
                ('imputer',
                 Simple_Imputer(categorical_strategy='not_available',
                                fill_value_categorical=None,
                                fill_value_numerical=None,
                                numeric_strategy='mean',
                                target_variable=None)),
                ('new_levels1',
                 New_Catagorical_Levels_in_TestData(repla...
                ('feature_select', 'passthrough'), ('fix_multi', 'passthrough'),
                ('dfs', 'passthrough'), ('pca', 'passthrough'),
                ['trained_model',
                 PowerTransformedTargetRegressor(copy_X=True,
                                                 eps=2.220446049250313e-16,
                                                 fit_intercept=True,
                                                 fit_path=True, jitter=None,
                                                 n_nonzero_coefs=500,
                                                 normalize=True,
                                                 precompute='auto',
                                                 random_state=123,
                                                 regressor=Lars(random_state=123),
                                                 verbose=False)]]), probability_threshold=None, encoded_labels=True, drift_report=False, raw_score=False, round=4, verbose=True, ml_usecase=MLUsecase.REGRESSION, display=None, drift_kwargs=None)
2022-05-02 06:57:44,877:INFO:Checking exceptions
2022-05-02 06:57:44,877:INFO:Preloading libraries
2022-05-02 07:00:56,808:INFO:Initializing predict_model()
2022-05-02 07:00:56,816:INFO:predict_model(estimator=Pipeline(steps=[('dtypes',
                 DataTypes_Auto_infer(ml_usecase='regression',
                                      numerical_features=['Year', 'Series'],
                                      target='#Passengers')),
                ('imputer',
                 Simple_Imputer(categorical_strategy='not_available',
                                fill_value_categorical=None,
                                fill_value_numerical=None,
                                numeric_strategy='mean',
                                target_variable=None)),
                ('new_levels1',
                 New_Catagorical_Levels_in_TestData(repla...
                ('feature_select', 'passthrough'), ('fix_multi', 'passthrough'),
                ('dfs', 'passthrough'), ('pca', 'passthrough'),
                ['trained_model',
                 PowerTransformedTargetRegressor(copy_X=True,
                                                 eps=2.220446049250313e-16,
                                                 fit_intercept=True,
                                                 fit_path=True, jitter=None,
                                                 n_nonzero_coefs=500,
                                                 normalize=True,
                                                 precompute='auto',
                                                 random_state=123,
                                                 regressor=Lars(random_state=123),
                                                 verbose=False)]]), probability_threshold=None, encoded_labels=True, drift_report=False, raw_score=False, round=4, verbose=True, ml_usecase=MLUsecase.REGRESSION, display=None, drift_kwargs=None)
2022-05-02 07:00:56,817:INFO:Checking exceptions
2022-05-02 07:00:56,817:INFO:Preloading libraries
2022-05-02 07:03:04,098:INFO:Initializing predict_model()
2022-05-02 07:03:04,098:INFO:predict_model(estimator=Pipeline(steps=[('dtypes',
                 DataTypes_Auto_infer(ml_usecase='regression',
                                      numerical_features=['Year', 'Series'],
                                      target='#Passengers')),
                ('imputer',
                 Simple_Imputer(categorical_strategy='not_available',
                                fill_value_categorical=None,
                                fill_value_numerical=None,
                                numeric_strategy='mean',
                                target_variable=None)),
                ('new_levels1',
                 New_Catagorical_Levels_in_TestData(repla...
                ('feature_select', 'passthrough'), ('fix_multi', 'passthrough'),
                ('dfs', 'passthrough'), ('pca', 'passthrough'),
                ['trained_model',
                 PowerTransformedTargetRegressor(copy_X=True,
                                                 eps=2.220446049250313e-16,
                                                 fit_intercept=True,
                                                 fit_path=True, jitter=None,
                                                 n_nonzero_coefs=500,
                                                 normalize=True,
                                                 precompute='auto',
                                                 random_state=123,
                                                 regressor=Lars(random_state=123),
                                                 verbose=False)]]), probability_threshold=None, encoded_labels=True, drift_report=False, raw_score=False, round=4, verbose=True, ml_usecase=MLUsecase.REGRESSION, display=None, drift_kwargs=None)
2022-05-02 07:03:04,098:INFO:Checking exceptions
2022-05-02 07:03:04,098:INFO:Preloading libraries
2022-05-02 07:03:16,824:INFO:Initializing load_model()
2022-05-02 07:03:16,825:INFO:load_model(model_name=time-series-forecast-pipeline, platform=None, authentication=None, verbose=True)
2022-05-02 07:04:38,011:INFO:Initializing load_model()
2022-05-02 07:04:38,011:INFO:load_model(model_name=time-series-forecast-pipeline, platform=None, authentication=None, verbose=True)
2022-05-02 07:10:34,948:INFO:Initializing load_model()
2022-05-02 07:10:34,948:INFO:load_model(model_name=time-series-forecast-pipeline, platform=None, authentication=None, verbose=True)
2022-05-02 07:12:09,548:INFO:Initializing load_model()
2022-05-02 07:12:09,548:INFO:load_model(model_name=time-series-forecast-pipeline, platform=None, authentication=None, verbose=True)
2022-05-02 07:13:15,337:INFO:Initializing load_model()
2022-05-02 07:13:15,337:INFO:load_model(model_name=time-series-forecast-pipeline, platform=None, authentication=None, verbose=True)
2022-05-02 07:13:37,814:INFO:Initializing load_model()
2022-05-02 07:13:37,814:INFO:load_model(model_name=time-series-forecast-pipeline, platform=None, authentication=None, verbose=True)
2022-05-02 07:14:09,462:INFO:Initializing load_model()
2022-05-02 07:14:09,462:INFO:load_model(model_name=time-series-forecast-pipeline, platform=None, authentication=None, verbose=True)
2022-05-02 07:16:28,065:INFO:Initializing load_model()
2022-05-02 07:16:28,066:INFO:load_model(model_name=time-series-forecast-pipeline, platform=None, authentication=None, verbose=True)
2022-05-02 07:18:59,248:INFO:Initializing load_model()
2022-05-02 07:18:59,248:INFO:load_model(model_name=time-series-forecast-pipeline, platform=None, authentication=None, verbose=True)
2022-05-02 07:19:34,679:INFO:Initializing load_model()
2022-05-02 07:19:34,679:INFO:load_model(model_name=time-series-forecast-pipeline, platform=None, authentication=None, verbose=True)
2022-05-02 07:20:03,629:INFO:Initializing load_model()
2022-05-02 07:20:03,629:INFO:load_model(model_name=time-series-forecast-pipeline, platform=None, authentication=None, verbose=True)
2022-05-02 07:20:32,134:INFO:Initializing load_model()
2022-05-02 07:20:32,135:INFO:load_model(model_name=time-series-forecast-pipeline, platform=None, authentication=None, verbose=True)
2022-05-02 07:21:11,997:INFO:Initializing load_model()
2022-05-02 07:21:11,997:INFO:load_model(model_name=time-series-forecast-pipeline, platform=None, authentication=None, verbose=True)
2022-05-02 07:22:44,374:INFO:Initializing load_model()
2022-05-02 07:22:44,375:INFO:load_model(model_name=time-series-forecast-pipeline, platform=None, authentication=None, verbose=True)
2022-05-02 07:24:27,310:INFO:Initializing load_model()
2022-05-02 07:24:27,314:INFO:load_model(model_name=time-series-forecast-pipeline, platform=None, authentication=None, verbose=True)
2022-05-02 07:24:53,770:INFO:Initializing load_model()
2022-05-02 07:24:53,771:INFO:load_model(model_name=time-series-forecast-pipeline, platform=None, authentication=None, verbose=True)
2022-05-02 07:25:34,150:INFO:Initializing load_model()
2022-05-02 07:25:34,150:INFO:load_model(model_name=time-series-forecast-pipeline, platform=None, authentication=None, verbose=True)
2022-05-02 07:26:18,464:INFO:Initializing load_model()
2022-05-02 07:26:18,466:INFO:load_model(model_name=time-series-forecast-pipeline, platform=None, authentication=None, verbose=True)
2022-05-02 07:26:18,853:INFO:Initializing predict_model()
2022-05-02 07:26:18,870:INFO:predict_model(estimator=Pipeline(steps=[('dtypes',
                 DataTypes_Auto_infer(ml_usecase='regression',
                                      numerical_features=['Year', 'Series'],
                                      target='#Passengers')),
                ('imputer',
                 Simple_Imputer(categorical_strategy='not_available',
                                fill_value_categorical=None,
                                fill_value_numerical=None,
                                numeric_strategy='mean',
                                target_variable=None)),
                ('new_levels1',
                 New_Catagorical_Levels_in_TestData(repla...
                ('feature_select', 'passthrough'), ('fix_multi', 'passthrough'),
                ('dfs', 'passthrough'), ('pca', 'passthrough'),
                ['trained_model',
                 PowerTransformedTargetRegressor(copy_X=True,
                                                 eps=2.220446049250313e-16,
                                                 fit_intercept=True,
                                                 fit_path=True, jitter=None,
                                                 n_nonzero_coefs=500,
                                                 normalize=True,
                                                 precompute='auto',
                                                 random_state=123,
                                                 regressor=Lars(random_state=123),
                                                 verbose=False)]]), probability_threshold=None, encoded_labels=True, drift_report=False, raw_score=False, round=4, verbose=True, ml_usecase=MLUsecase.REGRESSION, display=None, drift_kwargs=None)
2022-05-02 07:26:18,870:INFO:Checking exceptions
2022-05-02 07:26:18,870:INFO:Preloading libraries
2022-05-02 07:28:09,352:INFO:Initializing load_model()
2022-05-02 07:28:09,353:INFO:load_model(model_name=time-series-forecast-pipeline, platform=None, authentication=None, verbose=True)
2022-05-02 07:28:09,823:INFO:Initializing predict_model()
2022-05-02 07:28:09,834:INFO:predict_model(estimator=Pipeline(steps=[('dtypes',
                 DataTypes_Auto_infer(ml_usecase='regression',
                                      numerical_features=['Year', 'Series'],
                                      target='#Passengers')),
                ('imputer',
                 Simple_Imputer(categorical_strategy='not_available',
                                fill_value_categorical=None,
                                fill_value_numerical=None,
                                numeric_strategy='mean',
                                target_variable=None)),
                ('new_levels1',
                 New_Catagorical_Levels_in_TestData(repla...
                ('feature_select', 'passthrough'), ('fix_multi', 'passthrough'),
                ('dfs', 'passthrough'), ('pca', 'passthrough'),
                ['trained_model',
                 PowerTransformedTargetRegressor(copy_X=True,
                                                 eps=2.220446049250313e-16,
                                                 fit_intercept=True,
                                                 fit_path=True, jitter=None,
                                                 n_nonzero_coefs=500,
                                                 normalize=True,
                                                 precompute='auto',
                                                 random_state=123,
                                                 regressor=Lars(random_state=123),
                                                 verbose=False)]]), probability_threshold=None, encoded_labels=True, drift_report=False, raw_score=False, round=4, verbose=True, ml_usecase=MLUsecase.REGRESSION, display=None, drift_kwargs=None)
2022-05-02 07:28:09,834:INFO:Checking exceptions
2022-05-02 07:28:09,835:INFO:Preloading libraries
2022-05-02 07:32:04,687:INFO:Initializing load_model()
2022-05-02 07:32:04,687:INFO:load_model(model_name=time-series-forecast-pipeline, platform=None, authentication=None, verbose=True)
2022-05-02 07:32:05,072:INFO:Initializing predict_model()
2022-05-02 07:32:05,083:INFO:predict_model(estimator=Pipeline(steps=[('dtypes',
                 DataTypes_Auto_infer(ml_usecase='regression',
                                      numerical_features=['Year', 'Series'],
                                      target='#Passengers')),
                ('imputer',
                 Simple_Imputer(categorical_strategy='not_available',
                                fill_value_categorical=None,
                                fill_value_numerical=None,
                                numeric_strategy='mean',
                                target_variable=None)),
                ('new_levels1',
                 New_Catagorical_Levels_in_TestData(repla...
                ('feature_select', 'passthrough'), ('fix_multi', 'passthrough'),
                ('dfs', 'passthrough'), ('pca', 'passthrough'),
                ['trained_model',
                 PowerTransformedTargetRegressor(copy_X=True,
                                                 eps=2.220446049250313e-16,
                                                 fit_intercept=True,
                                                 fit_path=True, jitter=None,
                                                 n_nonzero_coefs=500,
                                                 normalize=True,
                                                 precompute='auto',
                                                 random_state=123,
                                                 regressor=Lars(random_state=123),
                                                 verbose=False)]]), probability_threshold=None, encoded_labels=True, drift_report=False, raw_score=False, round=4, verbose=True, ml_usecase=MLUsecase.REGRESSION, display=None, drift_kwargs=None)
2022-05-02 07:32:05,083:INFO:Checking exceptions
2022-05-02 07:32:05,083:INFO:Preloading libraries
2022-05-02 07:34:05,020:INFO:Initializing load_model()
2022-05-02 07:34:05,021:INFO:load_model(model_name=time-series-forecast-pipeline, platform=None, authentication=None, verbose=True)
2022-05-02 07:34:05,213:INFO:Initializing predict_model()
2022-05-02 07:34:05,213:INFO:predict_model(estimator=Pipeline(steps=[('dtypes',
                 DataTypes_Auto_infer(ml_usecase='regression',
                                      numerical_features=['Year', 'Series'],
                                      target='#Passengers')),
                ('imputer',
                 Simple_Imputer(categorical_strategy='not_available',
                                fill_value_categorical=None,
                                fill_value_numerical=None,
                                numeric_strategy='mean',
                                target_variable=None)),
                ('new_levels1',
                 New_Catagorical_Levels_in_TestData(repla...
                ('feature_select', 'passthrough'), ('fix_multi', 'passthrough'),
                ('dfs', 'passthrough'), ('pca', 'passthrough'),
                ['trained_model',
                 PowerTransformedTargetRegressor(copy_X=True,
                                                 eps=2.220446049250313e-16,
                                                 fit_intercept=True,
                                                 fit_path=True, jitter=None,
                                                 n_nonzero_coefs=500,
                                                 normalize=True,
                                                 precompute='auto',
                                                 random_state=123,
                                                 regressor=Lars(random_state=123),
                                                 verbose=False)]]), probability_threshold=None, encoded_labels=True, drift_report=False, raw_score=False, round=4, verbose=True, ml_usecase=MLUsecase.REGRESSION, display=None, drift_kwargs=None)
2022-05-02 07:34:05,213:INFO:Checking exceptions
2022-05-02 07:34:05,214:INFO:Preloading libraries
2022-05-02 09:16:45,385:INFO:Initializing load_model()
2022-05-02 09:16:45,386:INFO:load_model(model_name=time-series-forecast-pipeline, platform=None, authentication=None, verbose=True)
2022-05-02 09:17:20,963:INFO:Initializing predict_model()
2022-05-02 09:17:20,969:INFO:predict_model(estimator=Pipeline(steps=[('dtypes',
                 DataTypes_Auto_infer(ml_usecase='regression',
                                      numerical_features=['Year', 'Series'],
                                      target='#Passengers')),
                ('imputer',
                 Simple_Imputer(categorical_strategy='not_available',
                                fill_value_categorical=None,
                                fill_value_numerical=None,
                                numeric_strategy='mean',
                                target_variable=None)),
                ('new_levels1',
                 New_Catagorical_Levels_in_TestData(repla...
                ('feature_select', 'passthrough'), ('fix_multi', 'passthrough'),
                ('dfs', 'passthrough'), ('pca', 'passthrough'),
                ['trained_model',
                 PowerTransformedTargetRegressor(copy_X=True,
                                                 eps=2.220446049250313e-16,
                                                 fit_intercept=True,
                                                 fit_path=True, jitter=None,
                                                 n_nonzero_coefs=500,
                                                 normalize=True,
                                                 precompute='auto',
                                                 random_state=123,
                                                 regressor=Lars(random_state=123),
                                                 verbose=False)]]), probability_threshold=None, encoded_labels=True, drift_report=False, raw_score=False, round=4, verbose=True, ml_usecase=MLUsecase.REGRESSION, display=None, drift_kwargs=None)
2022-05-02 09:17:20,971:INFO:Checking exceptions
2022-05-02 09:17:20,981:INFO:Preloading libraries
2022-05-02 09:18:58,005:INFO:Initializing load_model()
2022-05-02 09:18:58,005:INFO:load_model(model_name=time-series-forecast-pipeline, platform=None, authentication=None, verbose=True)
2022-05-02 09:18:58,409:INFO:Initializing predict_model()
2022-05-02 09:18:58,410:INFO:predict_model(estimator=Pipeline(steps=[('dtypes',
                 DataTypes_Auto_infer(ml_usecase='regression',
                                      numerical_features=['Year', 'Series'],
                                      target='#Passengers')),
                ('imputer',
                 Simple_Imputer(categorical_strategy='not_available',
                                fill_value_categorical=None,
                                fill_value_numerical=None,
                                numeric_strategy='mean',
                                target_variable=None)),
                ('new_levels1',
                 New_Catagorical_Levels_in_TestData(repla...
                ('feature_select', 'passthrough'), ('fix_multi', 'passthrough'),
                ('dfs', 'passthrough'), ('pca', 'passthrough'),
                ['trained_model',
                 PowerTransformedTargetRegressor(copy_X=True,
                                                 eps=2.220446049250313e-16,
                                                 fit_intercept=True,
                                                 fit_path=True, jitter=None,
                                                 n_nonzero_coefs=500,
                                                 normalize=True,
                                                 precompute='auto',
                                                 random_state=123,
                                                 regressor=Lars(random_state=123),
                                                 verbose=False)]]), probability_threshold=None, encoded_labels=True, drift_report=False, raw_score=False, round=4, verbose=True, ml_usecase=MLUsecase.REGRESSION, display=None, drift_kwargs=None)
2022-05-02 09:18:58,411:INFO:Checking exceptions
2022-05-02 09:18:58,411:INFO:Preloading libraries
2022-05-02 09:22:14,269:INFO:Initializing load_model()
2022-05-02 09:22:14,279:INFO:load_model(model_name=time-series-forecast-pipeline, platform=None, authentication=None, verbose=True)
2022-05-02 09:22:14,767:INFO:Initializing predict_model()
2022-05-02 09:22:14,770:INFO:predict_model(estimator=Pipeline(steps=[('dtypes',
                 DataTypes_Auto_infer(ml_usecase='regression',
                                      numerical_features=['Year', 'Series'],
                                      target='#Passengers')),
                ('imputer',
                 Simple_Imputer(categorical_strategy='not_available',
                                fill_value_categorical=None,
                                fill_value_numerical=None,
                                numeric_strategy='mean',
                                target_variable=None)),
                ('new_levels1',
                 New_Catagorical_Levels_in_TestData(repla...
                ('feature_select', 'passthrough'), ('fix_multi', 'passthrough'),
                ('dfs', 'passthrough'), ('pca', 'passthrough'),
                ['trained_model',
                 PowerTransformedTargetRegressor(copy_X=True,
                                                 eps=2.220446049250313e-16,
                                                 fit_intercept=True,
                                                 fit_path=True, jitter=None,
                                                 n_nonzero_coefs=500,
                                                 normalize=True,
                                                 precompute='auto',
                                                 random_state=123,
                                                 regressor=Lars(random_state=123),
                                                 verbose=False)]]), probability_threshold=None, encoded_labels=True, drift_report=False, raw_score=False, round=4, verbose=True, ml_usecase=MLUsecase.REGRESSION, display=None, drift_kwargs=None)
2022-05-02 09:22:14,770:INFO:Checking exceptions
2022-05-02 09:22:14,771:INFO:Preloading libraries
2022-05-02 09:23:38,768:INFO:Initializing load_model()
2022-05-02 09:23:38,769:INFO:load_model(model_name=time-series-forecast-pipeline, platform=None, authentication=None, verbose=True)
2022-05-02 09:27:25,341:INFO:Initializing load_model()
2022-05-02 09:27:25,342:INFO:load_model(model_name=time-series-forecast-pipeline, platform=None, authentication=None, verbose=True)
